0 1 1
0 1 1
0 1 1
0 1 1
3 1 2
0 4 1
3 2 1
0 3 20
1 2 4
0 3 1
2 2 6
2 2 2
3 4 21
1 6 29
0 1 1
2 2 5
0 2 1
0 4 17
3 4 21
0 1 1
0 2 2
1 1 1
0 4 48
0 1 1
0 2 2
0 1 2
1 4 2
4 4 118
2 1 1
0 4 44
1 3 11
2 4 79
0 1 3
1 5 213
0 5 299
2 2 1
1 2 2
2 2 2
0 5 341
0 2 1
1 1 3
1 3 1
1 1 2
2 1 1
3 2 5
6 3 6
1 3 5
1 2 1
2 1 1
1 6 871
2 3 11
1 1 3
3 3 6
0 2 2
2 1 1
1 5 26
0 2 5
4 6 1081
0 2 1
0 1 1
1 2 2
3 3 1
0 4 10
5 4 5
0 1 1
0 4 95
4 3 22
0 3 1
2 2 2
3 3 2
0 7 1478
0 2 4
1 3 3
1 3 1
0 2 1
2 7 1502
0 3 2
2 2 1
1 2 3
3 5 120
1 3 2
4 5 8
0 7 1960
4 2 2
1 1 2
0 1 1
1 4 93
0 1 2
5 7 2238
2 5 30
5 7 2256
0 3 11
3 1 1
0 1 1
1 7 2406
1 1 1
0 2 2
0 7 2416
6 4 10
2 6 5
0 2 1
0 2 6
1 1 1
3 7 2476
2 7 2478
0 3 1
2 2 2
1 4 101
1 2 1
4 7 2734
2 2 6
0 8 2766
1 1 1
2 3 1
0 2 1
0 2 1
0 2 1
1 1 1
0 8 3311
0 8 3405
4 3 6
0 4 3
1 8 3436
3 4 6
0 8 3466
4 3 3
2 3 9
2 8 3506
0 3 1
2 8 3601
3 8 3616
0 8 3623
0 2 1
1 2 1
1 8 3700
1 8 3802
0 3 1
0 3 6
0 2 1
0 8 3910
0 1 2
1 8 3990
1 8 4024
0 2 3
0 8 4078
0 8 4085
1 8 4088
1 8 4109
0 8 4118
2 8 4137
4 3 10
1 8 4168
4 2 1
2 2 1
4 4 4
0 1 1
0 4 1
2 4 9
0 2 1
0 3 1
0 3 1
3 8 4323
3 3 1
2 8 4342
2 1 1
4 4 5
4 8 4402
3 8 4448
1 8 4448
2 1 2
1 3 1
0 8 4481
0 4 8
1 8 4485
2 1 1
1 8 4505
3 3 6
1 2 2
0 8 4513
0 4 1
0 8 4544
0 8 4571
2 2 1
0 2 1
1 8 4630
1 2 1
2 1 1
4 2 2
0 8 4702
1 2 1
2 1 1
0 8 4804
3 3 34
0 8 4815
1 8 4821
2 8 4839
0 3 5
0 8 4938
2 3 2
13 8 4974
0 8 4981
1 8 4993
3 4 6
4 2 1
0 9 5079
1 3 5
7 9 5137
0 2 1
0 9 5236
0 9 5263
4 9 5264
8 5 3
2 9 5305
0 3 1
6 9 5327
3 2 3
0 9 5404
4 9 5413
1 2 1
4 9 5437
0 9 5437
0 4 10
1 9 5440
0 9 5474
0 9 5489
0 9 5497
0 9 5540
15 4 1
2 9 5542
0 9 5544
5 9 5546
3 9 5581
1 9 5596
0 3 1
3 2 1
4 5 5
6 9 5653
0 2 1
4 2 1
4 5 13
1 9 5709
2 9 5720
1 4 1
0 3 1
1 9 5767
8 4 2
0 3 3
6 3 1
2 9 5796
0 5 2
3 9 5796
2 9 5800
3 9 5801
4 3 1
6 2 2
7 9 5871
0 9 5886
1 4 1
0 9 5907
0 9 5955
4 9 6019
0 9 6019
0 2 5
5 9 6020
2 9 6020
1 1 1
1 1 1
0 4 1
0 9 6063
0 9 6072
1 9 6096
6 2 5
1 9 6193
6 9 6198
2 9 6231
2 9 6237
2 9 6266
0 9 6268
2 2 1
0 3 1
0 9 6307
8 9 6327
0 9 6327
3 9 6327
7 2 2
3 3 3
1 9 6333
2 2 1
2 2 1
0 9 6384
1 5 1
0 9 6421
1 9 6426
1 4 3
4 5 3
2 9 6453
0 9 6480
0 9 6480
0 9 6504
3 2 1
1 2 1
0 6 5
3 9 6523
0 9 6525
2 9 6527
2 9 6536
4 9 6557
3 2 1
4 9 6580
2 3 2
1 3 2
2 9 6603
0 9 6603
2 2 1
1 1 1
2 3 1
0 9 6651
1 2 1
0 6 5
2 9 6706
0 9 6712
1 9 6729
4 9 6736
7 9 6740
2 9 6759
0 1 1
0 9 6773
3 9 6773
0 3 1
2 9 6785
5 9 6791
0 9 6799
0 9 6817
4 2 1
5 9 6830
0 9 6830
3 5 1
1 9 6836
4 9 6838
3 9 6850
3 3 4
2 9 6889
11 6 1
1 9 6909
2 2 1
2 9 6954
4 2 2
1 9 6977
8 9 6978
1 4 3
0 9 6989
2 9 7001
9 9 7002
0 9 7002
0 9 7024
3 2 1
2 9 7059
3 9 7062
8 9 7079
7 9 7079
1 9 7079
5 9 7104
1 9 7113
3 9 7151
9 9 7156
0 9 7188
4 9 7188
0 9 7189
7 9 7190
1 9 7203
4 4 1
2 9 7209
6 3 1
3 9 7211
3 9 7233
0 9 7242
6 9 7242
0 9 7243
0 9 7244
9 5 3
2 9 7252
2 2 1
0 9 7283
3 9 7296
0 9 7299
0 3 1
3 9 7337
1 9 7347
3 9 7353
2 9 7356
1 1 1
0 9 7361
2 1 1
0 9 7381
3 9 7384
1 4 1
4 3 7
0 9 7395
2 9 7449
2 9 7460
9 9 7460
4 9 7460
0 9 7470
0 9 7472
8 9 7480
0 9 7501
1 9 7510
1 9 7541
3 3 1
0 3 1
1 1 1
0 9 7609
3 3 1
0 9 7636
1 2 1
0 9 7640
0 3 1
0 9 7646
5 9 7646
4 9 7653
3 9 7680
1 9 7680
0 9 7685
2 9 7701
2 9 7710
2 9 7712
5 3 2
3 9 7725
3 9 7727
1 9 7727
3 9 7727
0 10 7745
0 3 5
0 10 7748
6 4 1
2 2 1
13 10 7754
4 2 2
3 2 2
2 10 7758
4 10 7758
5 10 7762
3 10 7777
0 1 1
2 2 1
0 10 7791
5 10 7793
3 3 1
6 2 1
4 10 7823
6 3 2
0 10 7849
3 10 7881
1 10 7886
0 10 7895
1 10 7902
8 10 7916
0 4 3
2 1 1
3 10 7941
2 10 7943
4 4 1
3 10 7946
0 10 7951
0 10 7955
8 10 7958
12 10 7958
10 10 7958
10 10 7965
2 2 2
10 10 7970
11 10 7971
10 10 7971
11 10 7974
6 3 1
12 10 7977
15 10 7984
11 10 7987
10 10 7989
11 10 7993
2 2 2
12 10 8001
10 10 8002
11 10 8002
11 4 1
3 3 1
11 10 8014
0 3 1
11 10 8029
10 10 8029
12 10 8031
11 10 8032
10 10 8034
9 6 2
10 10 8038
12 10 8045
10 10 8045
11 10 8045
7 3 1
12 10 8050
14 10 8054
10 10 8060
11 10 8060
10 10 8060
10 10 8080
10 10 8084
10 10 8085
17 10 8091
10 10 8092
1 2 1
10 10 8098
12 10 8117
13 10 8117
5 2 1
12 10 8127
18 10 8132
3 4 1
11 10 8133
10 10 8134
10 10 8138
11 10 8162
10 10 8195
12 10 8200
12 11 8217
11 11 8223
23 11 8223
13 11 8230
10 11 8230
18 11 8271
12 11 8271
10 11 8277
14 11 8285
11 11 8285
17 11 8285
20 11 8290
0 1 1
25 11 8297
12 11 8312
2 4 2
2 2 1
10 11 8314
14 11 8320
14 11 8323
11 11 8330
12 11 8336
15 11 8336
9 11 8341
10 11 8341
11 11 8348
13 11 8354
12 11 8355
10 11 8358
12 11 8391
10 11 8399
12 11 8409
14 11 8409
13 11 8409
10 11 8436
8 3 1
10 11 8443
4 3 2
10 11 8451
10 11 8461
11 11 8461
6 4 1
14 11 8471
12 11 8480
13 11 8480
12 11 8482
0 11 8485
18 11 8485
11 11 8485
3 2 1
8 4 1
12 11 8506
12 11 8506
10 11 8506
2 1 1
0 2 1
12 11 8508
2 2 1
14 11 8508
11 11 8509
11 11 8532
11 11 8548
12 11 8549
7 4 1
4 11 8555
12 11 8560
5 4 1
10 11 8566
16 11 8568
13 11 8576
11 11 8576
12 11 8590
11 11 8594
0 2 2
14 11 8595
3 2 1
11 11 8616
14 11 8622
10 11 8622
14 11 8633
13 11 8634
12 11 8634
14 11 8635
10 11 8638
12 11 8638
5 2 2
0 2 2
10 11 8645
10 11 8689
16 11 8693
10 11 8697
13 11 8697
12 11 8706
13 11 8720
13 11 8722
11 11 8733
12 11 8735
14 11 8749
12 11 8751
1 11 8751
10 11 8753
11 11 8756
20 11 8757
4 11 8762
19 11 8764
12 11 8764
13 11 8770
11 11 8772
10 11 8783
13 11 8788
12 11 8789
10 11 8790
13 11 8791
4 4 3
13 11 8792
10 11 8813
14 11 8817
16 11 8817
11 11 8817
12 11 8820
5 2 1
3 11 8825
0 11 8832
10 11 8844
14 11 8851
13 11 8851
13 11 8851
13 11 8863
14 11 8864
11 11 8869
13 11 8883
10 11 8886
13 11 8888
11 11 8894
13 11 8894
11 11 8894
13 11 8895
5 11 8901
11 11 8901
1 1 1
12 11 8907
11 11 8909
16 5 3
10 11 8912
10 11 8914
14 11 8914
13 11 8916
10 11 8917
14 11 8919
10 11 8920
4 1 1
15 11 8924
10 11 8924
15 11 8926
12 11 8926
13 11 8934
14 11 8935
11 5 3
11 11 8936
14 11 8946
13 11 8946
20 11 8948
11 11 8952
20 11 8957
18 11 8958
2 11 8959
10 11 8963
2 3 1
14 11 8964
10 11 8970
10 11 8972
4 1 1
11 11 8984
10 11 8984
14 11 8984
10 11 8985
11 11 8985
0 11 8996
17 11 9003
11 11 9003
0 11 9003
7 4 1
10 11 9007
5 2 1
16 11 9008
14 11 9010
4 11 9010
1 11 9013
16 11 9013
22 11 9015
10 11 9023
13 11 9023
11 11 9023
16 11 9023
11 11 9024
12 11 9024
11 11 9024
8 3 2
10 11 9029
10 11 9031
11 11 9031
12 11 9032
12 11 9033
1 5 1
10 11 9047
6 11 9047
13 11 9047
10 11 9062
10 11 9065
10 11 9065
11 11 9065
11 11 9068
4 11 9071
3 11 9072
17 11 9073
11 11 9076
13 11 9076
12 11 9076
14 11 9076
12 11 9077
2 11 9077
11 11 9081
16 11 9083
10 11 9085
10 11 9085
14 11 9090
4 11 9098
13 11 9099
10 11 9099
14 11 9101
10 11 9102
4 11 9103
12 11 9106
10 11 9107
10 11 9114
12 11 9114
15 11 9121
2 11 9130
12 11 9136
10 11 9138
15 11 9146
6 11 9146
10 11 9152
1 1 1
12 11 9163
10 11 9164
16 11 9165
11 11 9167
10 11 9167
11 11 9173
22 11 9192
13 11 9196
10 11 9196
14 11 9199
12 11 9199
10 11 9201
2 2 1
13 11 9203
12 11 9210
10 11 9211
7 4 1
12 11 9211
11 11 9212
11 11 9214
13 11 9216
10 11 9216
10 11 9216
18 11 9217
13 11 9217
11 11 9218
12 11 9218
16 11 9219
10 11 9220
10 11 9230
1 11 9231
2 11 9234
15 11 9234
11 11 9237
13 11 9237
12 11 9239
11 11 9244
10 11 9245
12 11 9245
10 11 9245
10 11 9246
3 1 1
13 11 9254
10 11 9258
14 11 9265
12 11 9272
10 11 9272
12 11 9272
12 11 9272
11 11 9275
12 11 9276
10 11 9276
10 11 9276
11 11 9276
10 11 9279
3 11 9280
11 11 9280
16 11 9282
10 11 9282
21 11 9282
11 11 9285
9 11 9286
4 11 9287
12 11 9287
12 11 9292
12 11 9298
16 11 9300
2 5 3
0 7 1
12 11 9308
13 11 9314
13 11 9320
10 11 9321
12 11 9322
11 11 9322
10 11 9327
10 11 9336
10 11 9340
10 11 9341
10 11 9341
14 6 1
4 3 1
11 11 9346
10 11 9346
10 11 9346
7 11 9346
10 11 9346
0 11 9348
10 11 9352
11 11 9352
13 11 9358
10 11 9358
10 11 9361
12 11 9361
6 11 9362
10 11 9362
10 11 9363
1 4 1
10 11 9366
19 11 9367
11 11 9374
10 11 9374
10 11 9375
5 4 2
10 11 9375
10 11 9376
13 11 9376
13 11 9376
10 11 9376
10 11 9376
14 11 9376
0 11 9376
16 11 9376
14 11 9378
11 11 9380
17 5 1
16 11 9381
2 3 1
15 11 9386
10 11 9389
11 11 9391
10 11 9394
0 4 2
12 11 9397
11 11 9397
16 11 9397
11 11 9397
10 11 9399
12 11 9399
14 11 9399
10 11 9404
12 11 9404
11 11 9406
13 11 9406
12 11 9409
0 11 9409
10 11 9409
10 11 9409
11 11 9412
16 11 9412
13 11 9413
8 2 1
23 11 9413
12 11 9417
14 11 9424
3 11 9429
8 6 1
21 11 9430
12 11 9435
10 11 9437
12 11 9437
17 11 9437
2 11 9442
13 11 9442
13 11 9442
11 11 9445
15 11 9445
14 11 9445
11 11 9445
17 11 9446
10 11 9446
12 11 9447
10 11 9447
4 11 9447
11 11 9447
18 11 9449
15 11 9452
12 11 9460
10 11 9460
12 11 9461
10 11 9464
5 3 1
10 11 9467
16 11 9467
11 11 9468
13 11 9469
12 11 9469
12 11 9469
10 11 9469
8 11 9471
16 11 9472
10 11 9472
12 11 9472
14 3 1
10 11 9472
3 1 1
5 3 1
10 11 9473
2 11 9485
16 11 9488
10 11 9488
10 11 9488
14 11 9488
10 11 9494
11 11 9495
12 11 9495
4 11 9495
10 11 9495
11 4 1
13 11 9500
19 11 9500
10 11 9500
15 11 9502
10 11 9504
2 11 9504
6 11 9508
7 2 1
12 11 9516
13 11 9519
10 11 9522
12 11 9522
10 11 9522
4 11 9522
7 11 9522
12 11 9522
12 11 9522
11 11 9522
20 11 9522
10 11 9522
7 11 9522
12 11 9525
11 4 2
10 11 9526
11 11 9535
6 11 9537
11 11 9537
16 11 9537
13 11 9538
11 11 9538
10 11 9538
10 11 9541
12 11 9541
10 11 9541
3 11 9541
14 11 9542
10 11 9542
1 11 9542
10 11 9543
0 11 9546
10 11 9546
15 11 9551
31 11 9551
22 11 9551
23 11 9553
21 11 9554
22 11 9556
21 11 9556
22 11 9556
22 11 9556
21 11 9556
27 11 9557
5 1 1
21 11 9560
29 11 9560
21 11 9561
21 11 9567
5 2 1
15 11 9568
29 11 9573
23 11 9573
23 11 9573
13 11 9573
15 11 9573
12 11 9573
21 11 9573
21 11 9574
22 11 9574
15 11 9575
13 11 9581
22 11 9585
21 11 9585
27 11 9586
23 11 9586
12 11 9586
24 11 9586
13 11 9589
23 11 9589
21 11 9590
23 11 9590
24 11 9592
23 11 9595
13 6 1
11 7 3
23 11 9598
24 11 9598
2 5 1
21 11 9600
22 11 9603
22 11 9604
26 11 9605
21 11 9607
22 11 9607
23 11 9609
2 11 9609
23 11 9609
22 11 9609
22 11 9609
21 11 9609
24 11 9610
21 11 9610
24 11 9611
23 11 9613
25 11 9614
23 11 9617
21 11 9617
24 11 9617
4 2 1
21 11 9621
27 11 9621
21 11 9623
10 4 2
22 11 9623
32 11 9623
20 11 9624
23 11 9625
21 11 9625
25 11 9625
21 11 9627
22 11 9628
21 11 9629
21 11 9629
23 11 9629
12 11 9629
14 11 9629
21 11 9630
26 11 9631
21 11 9631
22 11 9634
27 11 9635
23 11 9639
21 11 9646
23 11 9647
15 11 9649
15 11 9649
21 11 9650
28 11 9650
22 11 9650
24 11 9650
23 11 9650
25 11 9654
23 11 9659
21 11 9660
21 11 9662
23 11 9666
12 11 9668
25 11 9668
21 11 9668
22 11 9668
21 11 9668
22 11 9668
23 11 9669
21 11 9669
21 11 9669
21 11 9669
29 11 9669
23 11 9669
25 11 9669
17 11 9669
22 11 9670
15 11 9671
11 11 9671
25 11 9672
21 11 9672
24 11 9672
21 11 9672
25 11 9673
22 11 9674
21 11 9674
13 11 9675
12 11 9675
9 3 1
24 11 9676
24 11 9678
27 11 9678
23 11 9678
22 11 9679
22 11 9679
21 11 9679
26 11 9679
27 11 9682
23 11 9682
22 11 9683
21 11 9683
22 11 9687
28 11 9687
13 11 9687
11 11 9688
22 11 9688
24 11 9688
21 11 9689
10 3 1
22 11 9690
23 11 9690
21 11 9690
25 11 9691
13 11 9691
15 11 9691
11 11 9693
21 11 9693
21 11 9693
21 11 9694
22 11 9694
11 11 9694
27 11 9694
26 11 9694
30 11 9695
21 11 9696
24 11 9696
21 11 9699
21 11 9699
25 11 9700
22 11 9707
9 5 1
23 11 9714
18 11 9714
21 11 9715
21 11 9715
21 11 9716
11 11 9716
26 11 9716
21 11 9716
21 11 9716
21 11 9716
23 11 9716
22 11 9718
21 11 9718
21 11 9719
22 11 9719
23 11 9719
30 11 9720
21 11 9727
25 11 9727
24 11 9729
23 11 9731
3 3 1
24 11 9733
12 11 9733
28 11 9733
23 11 9733
25 11 9734
21 11 9734
22 11 9735
23 11 9735
21 11 9735
21 11 9735
22 11 9738
21 11 9738
29 11 9738
21 11 9742
4 11 9743
27 11 9744
23 11 9744
29 11 9746
23 11 9746
21 11 9747
26 11 9747
24 11 9748
27 11 9749
23 11 9749
24 11 9753
27 11 9754
21 11 9755
21 11 9755
21 11 9757
35 11 9759
34 11 9759
38 11 9759
40 11 9759
26 11 9759
28 11 9759
32 11 9759
33 11 9759
33 11 9760
36 11 9760
35 11 9761
32 11 9763
36 11 9764
32 11 9766
33 11 9767
33 11 9767
32 11 9767
33 11 9767
32 11 9768
35 11 9770
32 11 9774
33 11 9777
35 11 9778
33 11 9780
25 11 9780
35 11 9780
34 11 9780
33 11 9780
34 11 9782
37 11 9782
32 11 9783
39 11 9784
33 11 9784
33 11 9784
34 11 9784
32 11 9784
32 11 9784
33 11 9787
24 11 9787
34 11 9788
33 11 9788
34 11 9788
32 11 9789
22 11 9790
34 11 9790
23 11 9790
32 11 9790
33 11 9790
36 11 9790
36 11 9790
32 11 9790
34 11 9790
24 11 9790
32 11 9790
32 11 9790
32 11 9790
41 11 9790
24 11 9790
32 11 9790
33 11 9790
3 4 1
36 11 9791
32 11 9793
22 11 9793
8 5 1
32 11 9794
33 11 9794
20 11 9795
34 11 9795
39 11 9795
32 11 9795
17 11 9795
22 11 9795
32 11 9796
35 11 9796
37 11 9796
32 11 9797
32 11 9797
4 3 1
32 11 9801
18 11 9804
25 11 9804
32 11 9804
35 11 9804
33 12 9804
8 12 9804
32 12 9804
34 12 9804
32 12 9806
33 12 9806
38 12 9807
32 12 9807
33 12 9807
32 12 9807
32 12 9807
32 12 9808
35 12 9808
40 12 9808
36 12 9808
32 12 9808
27 12 9808
25 12 9808
32 12 9808
35 12 9808
34 12 9808
35 12 9808
34 12 9808
36 12 9808
32 12 9809
35 12 9809
36 12 9809
33 12 9809
22 12 9809
35 12 9809
32 12 9809
32 12 9809
37 12 9809
32 12 9811
35 12 9811
25 12 9812
33 12 9813
32 12 9813
23 12 9813
41 12 9813
14 12 9814
38 12 9814
32 12 9814
34 12 9814
36 12 9814
32 12 9814
23 12 9815
32 12 9817
32 12 9820
27 12 9820
32 12 9820
33 12 9820
34 12 9820
40 12 9822
32 12 9822
33 12 9822
32 12 9824
32 12 9824
34 12 9825
35 12 9825
36 12 9826
36 12 9831
22 12 9831
32 12 9831
24 12 9832
33 12 9833
35 12 9833
34 12 9833
37 12 9834
33 12 9835
33 12 9835
36 12 9836
23 12 9837
38 12 9837
32 12 9837
40 12 9837
38 12 9837
29 12 9837
32 12 9838
26 12 9840
33 12 9841
32 12 9841
33 12 9841
32 12 9842
24 12 9842
23 12 9842
33 12 9842
41 12 9842
33 12 9842
39 12 9842
32 12 9843
32 12 9846
34 12 9846
33 12 9847
32 12 9847
36 12 9847
33 12 9847
32 12 9848
32 12 9848
33 12 9848
32 12 9848
36 12 9851
32 12 9851
36 12 9851
34 12 9851
26 12 9851
18 12 9851
32 12 9851
36 12 9851
32 12 9851
27 12 9851
32 12 9851
32 12 9852
33 12 9853
4 12 9853
32 12 9853
38 12 9853
27 12 9854
33 12 9855
8 11 1
34 12 9855
33 12 9857
24 12 9857
25 12 9857
32 12 9857
26 12 9859
34 12 9859
39 12 9859
32 12 9859
32 12 9859
34 12 9859
37 12 9861
26 12 9861
32 12 9861
37 12 9861
32 12 9861
34 12 9861
34 12 9861
33 12 9862
28 12 9863
25 12 9863
34 12 9864
33 12 9864
5 5 1
32 12 9864
34 12 9864
36 12 9864
32 12 9864
32 12 9864
32 12 9866
33 12 9866
32 12 9866
34 12 9866
32 12 9866
46 12 9866
32 12 9866
32 12 9866
32 12 9866
38 12 9867
34 12 9869
40 12 9869
32 12 9870
32 12 9870
32 12 9870
32 12 9871
32 12 9871
33 12 9872
38 12 9873
32 12 9873
33 12 9873
22 12 9875
33 12 9875
34 12 9875
34 12 9875
35 12 9875
37 12 9875
32 12 9876
32 12 9877
33 12 9877
32 12 9877
32 12 9877
32 12 9877
32 12 9877
33 12 9878
32 12 9878
32 12 9878
35 12 9878
33 12 9879
37 12 9879
23 12 9879
33 12 9879
27 12 9879
33 12 9881
39 12 9881
25 12 9881
32 12 9883
35 12 9883
39 12 9883
36 12 9883
32 12 9883
50 12 9883
44 12 9883
44 12 9885
44 12 9885
39 12 9885
45 12 9885
45 12 9885
44 12 9885
40 12 9885
47 12 9885
44 12 9885
34 12 9885
45 12 9886
37 12 9888
38 12 9888
44 12 9888
52 12 9888
44 12 9888
54 12 9888
45 12 9888
45 12 9888
36 12 9888
