0 1 3
2 4 10
5 7 1309
4 7 1691
2 1 1
2 2 1
3 7 1894
6 7 1896
0 7 1917
5 7 1926
0 7 1957
10 3 1
1 7 1960
1 4 2
3 7 2012
0 7 2018
6 7 2047
3 7 2050
0 7 2052
1 7 2058
2 2 1
0 7 2064
0 7 2067
0 7 2077
4 7 2079
3 2 1
2 7 2100
3 3 1
3 7 2113
0 7 2119
5 7 2124
9 7 2136
0 7 2138
0 7 2157
2 7 2173
0 3 1
0 7 2179
1 7 2230
1 7 2231
1 7 2232
7 7 2232
2 7 2232
1 1 1
0 2 1
4 7 2238
0 7 2238
2 7 2247
6 7 2247
0 7 2254
4 7 2259
3 7 2268
2 2 2
12 7 2277
0 7 2280
1 7 2296
3 7 2297
2 7 2316
2 7 2353
0 7 2357
3 4 1
1 7 2378
2 7 2404
4 2 2
1 7 2426
5 7 2426
0 7 2427
4 7 2429
4 7 2432
4 7 2432
0 7 2463
3 7 2482
2 7 2484
0 7 2485
0 7 2485
9 4 1
1 7 2503
4 7 2509
2 7 2511
0 7 2521
0 4 3
0 7 2533
1 7 2533
4 7 2536
6 7 2540
6 7 2546
7 7 2548
6 7 2553
0 7 2554
1 7 2555
4 7 2555
5 7 2555
5 7 2575
4 7 2588
6 7 2589
0 8 2603
4 8 2605
3 8 2608
4 8 2610
6 6 2
1 8 2614
3 8 2614
2 2 1
0 8 2618
8 8 2618
2 8 2623
4 8 2626
3 8 2629
1 8 2637
1 8 2648
0 8 2648
0 8 2651
3 8 2655
5 8 2668
6 8 2668
2 8 2668
1 8 2668
2 8 2670
2 8 2670
6 8 2672
0 4 2
1 8 2674
0 9 2676
0 9 2677
4 4 2
4 9 2682
0 9 2682
0 9 2689
1 9 2691
1 9 2694
2 9 2700
0 9 2710
2 9 2716
4 9 2716
2 9 2716
6 9 2716
4 9 2716
0 9 2717
4 9 2720
4 9 2720
0 9 2721
0 9 2724
5 9 2727
0 3 2
1 9 2728
0 9 2729
8 9 2731
0 9 2733
3 9 2733
0 9 2737
4 9 2739
0 9 2740
0 9 2744
6 9 2748
4 9 2748
0 5 1
0 9 2753
3 9 2753
4 9 2761
1 9 2764
1 9 2765
3 9 2765
0 9 2767
4 9 2767
5 9 2767
19 9 2770
11 9 2770
11 9 2770
15 9 2772
13 9 2778
13 4 1
18 9 2781
16 9 2783
10 9 2784
11 9 2784
11 9 2784
13 9 2792
9 9 2792
18 9 2792
14 9 2795
13 9 2795
12 9 2796
10 9 2796
11 9 2798
14 9 2798
12 9 2807
9 9 2807
9 9 2812
9 9 2813
10 9 2818
10 9 2818
11 9 2820
13 9 2820
11 9 2828
9 9 2828
9 9 2829
11 9 2833
13 9 2836
11 9 2836
9 9 2841
9 9 2841
10 9 2841
10 9 2844
9 9 2846
9 9 2848
5 4 1
11 9 2851
2 2 1
21 9 2855
11 9 2858
10 9 2859
10 9 2860
10 9 2860
13 9 2861
13 9 2861
13 9 2868
9 9 2868
11 9 2871
14 4 1
11 9 2871
9 11 2873
11 11 2873
13 11 2874
11 11 2874
9 11 2874
10 2 1
12 11 2879
14 11 2879
11 11 2880
11 11 2882
17 11 2882
14 11 2882
12 11 2885
12 11 2887
9 11 2888
11 11 2888
9 11 2890
16 11 2891
10 11 2891
10 11 2892
9 11 2893
9 11 2893
12 11 2893
14 11 2893
10 11 2893
11 11 2893
19 11 2894
9 11 2894
3 11 2894
13 9 1
11 11 2896
9 11 2896
9 11 2898
9 11 2898
15 11 2898
9 11 2898
10 11 2900
10 11 2900
15 11 2900
14 11 2900
15 11 2903
9 11 2903
10 11 2906
13 11 2906
13 11 2907
11 11 2907
9 11 2907
13 11 2908
12 11 2910
11 11 2913
10 11 2916
11 11 2916
9 11 2917
9 11 2919
10 12 2919
9 12 2924
9 12 2925
3 12 2925
12 12 2925
13 12 2925
9 12 2925
13 12 2926
19 12 2926
9 12 2926
13 12 2929
12 12 2930
11 12 2934
12 12 2934
9 12 2936
10 12 2936
18 12 2937
5 12 2937
12 12 2937
9 12 2938
13 12 2938
12 12 2938
10 12 2938
13 12 2939
15 12 2939
11 12 2939
9 12 2939
17 12 2939
11 12 2939
9 12 2939
9 12 2941
12 12 2941
9 12 2942
9 12 2942
11 12 2942
10 12 2943
16 12 2944
12 12 2944
13 12 2945
10 12 2946
11 12 2947
9 12 2947
9 12 2947
13 12 2947
11 12 2951
11 12 2952
12 12 2953
10 12 2954
9 12 2954
13 12 2954
9 12 2954
13 12 2954
0 4 1
9 12 2955
10 12 2955
9 12 2955
9 12 2955
0 12 2956
13 12 2956
11 12 2956
9 12 2956
11 12 2956
14 12 2956
10 12 2956
21 12 2956
9 12 2956
9 12 2956
22 7 1
13 12 2956
5 12 2956
14 12 2960
14 12 2960
0 12 2961
13 12 2961
9 12 2961
9 12 2961
9 12 2961
11 12 2961
11 12 2961
15 12 2962
13 12 2963
24 12 2963
23 12 2964
21 12 2964
23 12 2964
27 12 2964
23 12 2964
22 12 2964
21 12 2964
23 12 2964
21 12 2966
26 12 2967
21 12 2967
23 12 2967
27 12 2967
21 12 2967
28 12 2967
20 12 2967
26 12 2967
22 12 2967
24 12 2967
22 12 2967
21 12 2967
25 12 2967
21 12 2967
21 12 2967
21 12 2967
27 12 2967
25 12 2967
17 12 2967
23 12 2967
27 12 2967
25 12 2967
21 12 2968
21 12 2968
19 12 2968
1 2 1
23 12 2968
21 12 2968
33 12 2971
22 12 2971
26 12 2971
31 12 2972
21 12 2972
23 12 2973
18 12 2973
21 12 2973
22 12 2973
26 12 2973
26 12 2973
23 12 2973
13 12 2973
21 12 2973
26 12 2973
25 12 2973
21 12 2974
33 12 2974
35 12 2975
33 12 2975
37 12 2975
38 12 2975
33 12 2975
38 12 2975
37 12 2975
33 12 2975
35 12 2975
5 3 1
33 12 2975
33 12 2978
35 12 2978
33 12 2978
34 12 2978
37 12 2978
33 12 2978
34 12 2978
26 12 2978
33 12 2978
33 12 2978
33 12 2978
33 12 2978
32 12 2978
33 12 2978
33 12 2979
34 12 2979
35 12 2979
38 12 2979
35 12 2979
37 12 2979
35 12 2979
33 12 2980
34 12 2980
37 12 2980
35 12 2980
35 12 2980
27 12 2980
39 12 2980
33 12 2980
33 12 2980
36 12 2980
36 12 2980
33 12 2980
29 12 2980
34 12 2980
34 12 2980
33 12 2980
37 12 2980
33 12 2982
36 12 2982
36 12 2982
33 12 2982
33 12 2982
43 12 2982
38 12 2982
38 12 2982
33 12 2982
37 12 2982
36 12 2982
33 12 2982
33 12 2982
45 12 2982
33 12 2982
39 12 2982
37 12 2982
37 12 2983
38 12 2983
34 12 2983
34 12 2983
36 12 2983
36 12 2983
38 12 2983
35 12 2983
38 12 2983
37 12 2983
33 12 2983
34 12 2983
24 12 2983
33 12 2986
35 12 2986
38 12 2986
38 12 2986
35 12 2986
34 12 2986
38 12 2987
38 12 2988
26 12 2988
33 12 2988
33 12 2988
33 12 2988
36 12 2988
33 12 2988
34 12 2988
36 12 2988
29 12 2988
9 12 2988
39 12 2988
10 2 1
33 12 2988
29 12 2988
35 12 2988
34 12 2988
35 12 2988
33 12 2988
33 12 2988
34 12 2988
33 12 2988
33 12 2988
35 12 2988
34 12 2988
37 12 2988
29 12 2988
38 12 2988
40 12 2988
34 12 2988
35 12 2988
34 12 2988
39 12 2988
33 12 2988
38 12 2988
33 12 2988
38 12 2988
33 12 2988
37 12 2988
37 12 2988
17 12 2988
44 12 2988
35 12 2988
34 12 2988
38 12 2988
33 12 2988
37 12 2988
33 12 2988
35 12 2988
33 12 2988
35 12 2988
33 12 2988
33 12 2988
33 12 2988
33 12 2988
34 12 2988
33 12 2988
33 12 2988
37 12 2988
34 12 2988
37 12 2988
35 12 2988
35 12 2988
36 12 2988
35 12 2988
33 12 2988
38 12 2988
43 12 2988
37 12 2988
33 12 2988
34 12 2988
39 12 2988
36 12 2988
34 12 2988
33 12 2988
36 12 2988
33 12 2988
36 12 2988
35 12 2988
34 12 2988
35 12 2988
33 12 2988
34 12 2988
33 12 2988
34 12 2988
33 12 2988
37 12 2988
36 12 2988
36 12 2988
33 12 2989
29 12 2989
33 12 2989
36 12 2989
36 12 2989
33 12 2989
38 12 2989
35 12 2989
33 12 2990
36 12 2990
33 12 2990
37 12 2991
33 12 2991
33 12 2991
35 12 2991
36 12 2991
40 12 2991
37 12 2991
36 12 2991
19 12 2991
38 12 2992
33 12 2992
33 12 2992
37 12 2992
38 12 2992
35 12 2992
35 12 2992
45 12 2993
41 12 2993
34 12 2993
29 12 2996
47 12 2996
45 12 2996
45 12 2996
49 12 2996
45 12 2996
45 12 2996
47 12 2996
45 12 2996
45 12 2996
49 12 2996
46 12 2996
46 12 2996
47 12 2996
45 12 2996
45 12 2996
45 12 2996
48 13 2996
45 13 2996
45 13 2996
47 13 2996
45 13 2996
48 13 2996
45 13 2996
45 13 2996
45 13 2996
57 13 2996
46 13 2996
46 13 2996
21 13 2997
46 13 2997
38 13 2997
45 13 2997
47 13 2997
48 13 2997
48 13 2997
45 13 2997
45 13 2997
47 13 2997
38 13 2998
45 13 2998
45 13 2998
50 13 2998
47 13 2998
38 13 2998
50 13 2998
46 13 2998
47 13 2998
46 13 2998
49 13 2999
51 13 2999
45 13 2999
49 13 2999
47 13 2999
49 13 2999
46 13 2999
45 13 2999
47 13 2999
58 13 2999
45 13 2999
47 13 2999
46 13 2999
51 13 2999
48 13 2999
50 13 2999
47 13 2999
47 13 2999
48 13 2999
46 13 2999
48 13 2999
58 13 2999
50 13 2999
45 13 2999
46 13 2999
46 13 2999
40 13 2999
46 13 2999
45 13 2999
47 13 2999
49 13 2999
46 13 2999
46 13 2999
47 13 2999
46 13 2999
49 13 2999
47 13 2999
46 13 2999
45 13 2999
48 13 2999
46 13 2999
45 13 2999
45 13 2999
45 13 2999
39 13 2999
53 13 2999
47 13 2999
45 13 2999
47 13 2999
47 13 2999
50 13 2999
47 14 2999
50 14 2999
46 14 2999
48 14 2999
45 14 2999
47 14 2999
51 14 2999
46 14 2999
45 14 2999
45 14 2999
49 14 2999
45 14 2999
45 14 2999
46 14 2999
46 14 2999
45 15 2999
47 15 2999
45 15 2999
52 15 2999
51 15 2999
48 15 2999
52 15 2999
45 15 2999
50 15 2999
50 15 2999
45 15 2999
45 15 2999
45 15 2999
46 15 2999
47 15 2999
45 15 2999
45 15 2999
45 15 2999
49 15 2999
46 15 2999
46 15 2999
49 15 2999
47 15 2999
47 15 2999
48 15 2999
47 15 2999
49 15 2999
45 15 2999
47 15 2999
47 15 2999
49 15 2999
45 15 2999
56 15 2999
45 15 2999
45 15 2999
46 15 2999
49 15 2999
46 15 2999
