0 1 1
0 1 1
2 4 35
3 3 5
0 1 2
1 2 3
0 1 3
0 3 7
0 2 2
2 3 3
0 2 2
0 1 3
0 3 1
0 3 1
0 2 1
1 1 3
0 1 1
3 3 4
4 4 10
2 4 2
2 2 2
3 3 9
0 1 3
0 3 2
1 5 42
2 5 37
0 3 2
0 3 1
0 1 1
2 4 8
3 2 3
2 4 8
2 2 2
1 2 1
0 2 2
0 2 3
2 3 2
3 5 98
0 3 9
1 8 178
3 2 3
0 2 2
0 3 5
0 4 2
1 4 5
1 6 99
4 2 2
3 5 120
2 2 2
1 8 274
1 1 2
0 2 4
7 7 115
2 2 10
1 8 404
3 8 520
1 1 2
0 9 532
0 2 2
10 5 12
0 9 656
0 2 1
0 3 3
9 9 845
0 3 1
9 9 858
0 2 3
0 2 3
0 1 1
2 3 1
6 3 1
0 2 1
0 4 24
0 2 1
0 3 2
10 9 963
10 9 966
0 4 1
0 3 1
6 2 1
2 2 2
10 5 18
9 9 972
11 9 975
19 9 975
10 4 2
10 9 1004
4 1 1
10 9 1026
7 3 2
0 5 4
13 9 1033
0 9 1052
16 9 1057
13 9 1056
5 5 15
9 9 1059
18 9 1063
19 9 1063
0 4 7
0 1 1
18 9 1073
0 3 1
22 9 1110
18 9 1107
1 1 1
2 2 4
2 2 2
2 2 2
0 3 1
18 9 1132
2 6 40
5 5 7
15 5 3
1 9 1206
0 5 15
19 9 1203
1 2 1
18 9 1227
0 3 2
20 9 1231
2 3 3
0 5 1
27 9 1294
1 1 1
0 3 1
6 5 2
21 9 1299
2 2 3
0 4 2
11 9 1323
5 4 3
0 1 1
0 3 1
9 9 1326
4 5 1
18 9 1334
6 7 14
18 9 1346
35 9 1363
4 2 1
30 9 1367
5 4 2
27 9 1363
10 9 1368
27 9 1373
1 6 19
5 2 1
0 2 2
18 9 1402
28 9 1401
27 9 1412
4 2 2
28 9 1424
0 9 1435
0 5 1
10 3 1
8 4 1
34 9 1437
4 5 1
2 2 1
0 2 1
21 9 1467
18 9 1478
34 9 1485
0 5 3
0 3 3
27 9 1522
0 3 1
36 9 1539
0 3 4
0 3 2
0 3 2
30 9 1563
27 9 1571
0 2 1
2 2 1
2 1 2
27 9 1587
9 9 1589
5 5 1
0 2 1
0 3 1
30 9 1612
0 5 1
3 9 1611
10 9 1618
0 3 2
2 9 1625
31 9 1629
0 5 1
0 3 1
27 9 1651
2 6 2
18 9 1677
28 9 1677
0 2 1
32 9 1683
0 4 1
9 9 1691
9 9 1692
0 6 4
15 9 1
14 9 1688
0 5 2
11 9 1681
2 1 2
29 9 1686
9 9 1686
8 5 4
23 9 1690
27 9 1690
0 9 1691
11 9 1689
10 9 1688
0 3 1
27 9 1693
0 9 1694
0 5 8
0 2 2
2 9 1714
5 6 1
6 6 1
0 3 1
6 4 3
0 9 1732
18 9 1735
0 3 2
4 9 1731
0 3 2
32 9 1737
11 9 1741
9 9 1743
0 3 2
11 9 1741
2 9 1757
4 9 1755
0 4 2
9 9 1753
0 5 1
11 9 1760
21 9 1767
9 9 1768
0 2 2
0 9 1769
0 9 1768
4 9 1776
3 6 3
29 9 1781
20 9 1786
27 9 1785
4 4 1
5 9 1790
1 9 1790
0 1 1
0 9 1805
3 9 1803
0 5 2
34 9 1803
1 2 2
0 3 2
5 5 1
30 9 1820
0 9 1819
0 5 1
0 4 1
4 2 1
27 9 1837
0 5 1
0 3 2
3 9 1851
29 9 1854
0 3 1
6 9 1865
1 4 1
2 3 2
0 4 1
0 9 1861
2 9 1861
12 9 1864
0 4 1
16 6 2
4 4 2
20 9 1877
0 5 2
2 2 1
7 7 1
0 6 2
29 9 1890
0 9 1894
0 6 1
29 9 1886
6 3 4
1 9 1893
32 9 1889
12 9 1886
3 4 1
0 9 1893
28 9 1892
3 3 1
0 5 5
2 2 1
27 9 1902
16 9 1910
0 9 1910
27 9 1910
0 3 1
27 9 1907
0 2 3
0 9 1920
27 9 1921
12 9 1912
0 9 1910
3 3 1
3 3 1
1 1 3
22 9 1914
27 9 1915
10 9 1921
12 9 1915
0 3 2
0 9 1926
28 9 1927
6 3 1
0 9 1923
0 2 2
0 9 1926
0 5 2
0 3 2
9 9 1936
2 2 1
1 1 2
0 7 1
7 9 1933
29 9 1934
0 3 2
18 9 1937
31 9 1938
0 9 1943
0 3 1
9 9 1948
10 4 2
0 9 1951
27 9 1951
0 3 1
0 5 4
0 4 1
12 9 1953
0 2 2
0 9 1952
27 9 1953
11 9 1946
27 9 1942
10 9 1945
0 9 1945
2 9 1946
5 9 1938
1 9 1938
0 6 2
0 9 1938
27 9 1938
0 9 1937
0 6 1
4 9 1927
3 9 1926
3 9 1926
4 9 1922
0 9 1919
0 5 2
27 9 1916
5 9 1924
10 9 1933
0 9 1940
0 4 1
27 9 1947
0 3 1
27 9 1951
10 10 1954
0 10 1955
14 10 1951
35 10 1943
14 10 1939
18 10 1943
0 2 1
0 4 2
32 10 1949
0 10 1942
27 10 1943
0 10 1943
0 10 1945
0 7 1
0 4 1
0 4 2
0 5 1
4 10 1954
0 4 1
0 10 1950
0 10 1938
0 10 1923
18 10 1926
0 10 1924
29 10 1926
7 5 3
0 3 1
1 10 1914
5 5 1
0 10 1914
4 4 1
27 10 1915
4 4 3
6 6 1
0 10 1911
10 10 1911
0 10 1911
0 10 1910
2 1 1
9 10 1923
6 10 1930
0 10 1933
6 10 1932
41 10 1934
0 10 1939
0 5 1
9 10 1950
0 7 3
11 10 1947
0 10 1949
8 4 1
0 10 1957
2 10 1957
27 10 1958
27 10 1956
0 11 1
0 6 1
0 2 1
8 4 2
0 10 1961
0 10 1959
5 10 1958
10 10 1955
0 10 1955
0 10 1960
18 10 1951
0 6 1
1 10 1952
6 6 2
0 3 2
29 10 1953
0 10 1957
15 10 1956
6 3 1
0 10 1954
2 10 1952
0 10 1949
0 10 1956
2 10 1962
4 2 1
13 10 1959
10 10 1951
0 10 1952
3 10 1953
0 8 1
36 10 1944
9 10 1946
0 10 1945
6 10 1949
0 10 1935
0 10 1939
5 5 1
0 8 2
4 10 1935
0 4 3
0 3 1
0 10 1932
4 10 1931
9 10 1931
0 6 2
4 10 1931
12 10 1937
0 5 1
2 2 1
3 10 1944
29 10 1942
0 10 1943
4 10 1944
0 10 1946
3 10 1944
7 10 1945
6 10 1946
11 10 1946
0 10 1946
3 10 1943
15 10 1945
9 10 1945
0 6 2
9 10 1943
18 10 1943
0 3 1
2 10 1944
0 8 1
0 5 1
0 8 1
3 10 1943
0 10 1940
14 10 1940
18 10 1940
0 10 1946
0 10 1946
12 6 2
0 10 1936
0 10 1936
0 4 1
0 10 1933
0 4 1
10 11 1935
0 3 2
0 11 1937
0 11 1932
30 11 1931
7 11 1930
3 3 1
0 11 1929
6 6 1
0 5 2
6 11 1932
0 4 3
0 11 1928
0 3 2
0 11 1932
18 11 1933
28 11 1927
27 11 1925
0 11 1925
10 11 1923
6 11 1928
0 11 1933
0 11 1933
28 11 1933
2 2 1
15 13 1937
10 13 1936
0 13 1935
0 13 1937
12 13 1937
18 13 1931
0 13 1932
0 13 1937
0 13 1929
6 13 1931
0 10 2
0 7 1
4 5 1
27 13 1929
13 13 1936
0 5 3
0 5 2
0 2 2
27 13 1942
9 13 1939
2 2 1
18 7 1
18 13 1929
7 13 1923
3 13 1920
0 4 1
0 13 1916
15 13 1913
0 3 1
0 13 1909
0 6 2
13 13 1907
18 13 1906
6 6 2
2 3 1
0 13 1903
27 13 1903
41 13 1901
0 13 1902
3 13 1904
0 13 1908
0 13 1903
0 13 1903
0 6 2
11 13 1908
0 13 1911
15 13 1920
27 13 1919
0 13 1922
0 13 1920
0 9 1
0 13 1917
30 13 1917
0 3 1
27 13 1913
14 13 1913
4 4 1
0 3 2
12 13 1922
0 7 1
3 13 1924
0 4 1
0 5 1
4 13 1924
0 5 1
27 13 1922
4 13 1916
29 10 2
0 13 1907
0 13 1905
17 13 1900
0 13 1899
0 13 1898
10 10 6
0 13 1894
0 13 1893
10 10 2
0 6 4
0 13 1886
5 13 1885
3 3 1
0 7 1
0 13 1878
2 13 1879
0 13 1871
0 13 1871
3 8 2
5 5 3
0 9 1
2 13 1870
0 8 2
12 6 1
0 8 1
0 6 4
0 13 1875
9 13 1876
27 13 1881
0 8 3
3 13 1877
