0 6 3
3 3 2
0 5 5
9 18 49
0 5 2
0 1 1
0 2 2
0 2 3
0 1 1
0 2 1
0 3 2
0 2 2
0 4 5
335 100 171
1 2 3
6 3 6
0 4 7
0 4 2
4 2 2
6 2 1
9 26 20
0 21 16
4 2 2
0 5 3
0 2 1
3 21 26
0 41 44
9 10 11
477 104 185
1 1 1
0 2 1
1 1 2
0 2 10
2 2 2
0 1 1
0 11 20
0 2 1
0 1 1
4 8 3
32 27 29
0 15 18
0 1 1
0 5 6
0 23 10
11 12 26
13 35 48
2 7 4
0 1 2
0 2 1
0 2 2
2 2 1
1 1 2
5 40 39
2 2 4
0 3 4
34 85 141
1 2 2
8 9 9
5 3 1
2 1 1
0 2 1
129 64 58
0 2 2
0 2 2
31 31 35
1 2 1
4 6 4
2301 484 1041
0 3 1
2 1 2
21 9 5
107 31 40
0 5 1
0 1 1
2 4 4
0 5 6
2532 513 1124
7 7 3
180 71 75
128 35 32
0 1 1
0 6 10
0 3 2
0 2 1
0 3 2
91 220 202
0 126 157
50 25 24
753 647 1354
0 1 3
9 10 4
7190 869 1119
0 1 2
5754 682 1465
0 2 1
1 1 1
2 3 2
9 8 5
5576 2314 3404
3 8 3
64 32 28
0 2 2
43913 2830 3940
0 12 12
22661 2831 3945
40809 2831 3990
8 4 1
234 50 33
0 1 1
6 6 10
2 2 1
72876 3315 4413
124024 3530 4598
0 1 1
163875 3599 4676
156543 3601 4676
222770 3880 4860
1 1 1
300296 4063 5011
378196 4368 5276
387967 4369 5276
379701 4384 5285
0 4 2
365210 4444 5369
390279 4639 5507
434448 4682 5535
0 2 2
454717 4683 5540
474765 4919 5690
604057 5185 5864
618055 5186 5865
4 2 1
603362 5262 5907
628250 5366 5989
629735 5455 6067
178750 5638 6164
244621 5672 6183
763056 5680 6187
6 10 12
921438 6061 6408
0 3 1
975609 6085 6431
586431 6101 6442
1032437 6124 6456
108 53 18
563351 6317 6553
1054876 6409 6578
875385 6449 6608
895009 6469 6618
1269078 6547 6649
350220 6547 6650
1265396 6549 6653
1355119 6560 6658
1376160 6574 6674
0 1 1
1681559 7052 6916
0 3 2
1828858 7165 6961
1364406 7250 7008
2 19 12
1933869 7414 7083
2040716 7420 7085
1863061 7462 7111
4 4 2
0 6 5
1769651 7590 7169
1619635 7672 7217
1994275 7676 7219
2435048 7678 7225
2484236 7716 7254
2625115 7890 7326
2619211 7891 7326
1949622 8014 7363
2878322 8262 7457
2 2 1
3106713 8395 7516
497983 8485 7557
3420382 8602 7625
1 1 1
3427793 8613 7630
8 4 1
3625205 8755 7676
3625822 8756 7676
2209675 8907 7730
3843764 8975 7759
5 5 6
3924005 9005 7780
2816886 9005 7780
4 4 2
0 6 2
0 1 1
3362487 9110 7817
0 3 2
0 4 2
4256031 9216 7850
4508709 9312 7893
4727802 9516 7965
5068762 9603 7984
5275172 9693 8001
2 3 3
0 2 1
5464153 9813 8041
0 3 3
1932124 9852 8042
99 26 16
0 1 1
544760 10041 8096
5732056 10136 8131
6361796 10270 8171
6385287 10286 8177
5787702 10291 8176
6495473 10313 8185
4038747 10319 8185
6613229 10396 8205
2233723 10503 8235
1372745 10583 8262
0 2 1
7217462 10639 8285
7074693 10649 8284
5405658 10701 8300
6754955 11036 8390
10 10 1
8045973 11138 8426
8374730 11255 8465
8017942 11264 8468
824499 11313 8483
3935637 11327 8483
8038348 11353 8496
8850497 11358 8499
8944314 11391 8510
8871904 11391 8510
8945165 11400 8512
9087779 11493 8545
5197076 11535 8565
9065358 11682 8613
9676970 11690 8618
11 10 2
9829969 11745 8638
9872159 11786 8641
10016146 11853 8661
10301017 11988 8697
2668234 12015 8703
10460566 12041 8704
9141009 12053 8706
0 3 1
10684931 12082 8711
4935051 12100 8714
10755856 12102 8714
8862423 12110 8717
10134655 12150 8726
10693966 12163 8731
10779096 12181 8740
11127649 12213 8748
11244415 12230 8753
6 4 2
6063737 12313 8773
11571499 12350 8782
9299939 12426 8800
10020205 12442 8806
5882732 12489 8819
8 4 1
12229287 12642 8843
10559608 12672 8851
12582150 12703 8858
12658436 12729 8861
12840332 12778 8869
13324104 12821 8870
10977438 12876 8894
0 2 3
13929741 12986 8917
14097922 13027 8927
12886798 13084 8939
13969664 13103 8946
9503405 13138 8953
13774704 13249 8986
11409729 13310 8997
11069589 13453 9024
14060042 13548 9041
13298811 13557 9043
13856944 13579 9047
16204867 13632 9059
16946941 13784 9083
17128093 13816 9089
17245795 13844 9096
17350923 13864 9097
11427175 13885 9099
17026656 13913 9107
10081911 13995 9115
18139386 14035 9124
15341324 14117 9136
14839814 14162 9143
11495127 14213 9155
17623205 14218 9156
18875879 14260 9164
16401239 14354 9177
15928039 14371 9180
19902905 14400 9185
18389644 14414 9188
19983661 14420 9188
18533984 14428 9188
3967420 14490 9191
20631799 14509 9193
8540934 14519 9197
0 3 3
18326908 14716 9228
21614016 14716 9227
10343894 14757 9234
16144005 14790 9241
19297976 14799 9242
22129971 14805 9242
21771867 14827 9245
1918109 14856 9249
21943999 14856 9250
22268725 14870 9250
1 4 2
22895605 15021 9264
20600955 15049 9262
30 7 1
17826337 15145 9281
17744566 15184 9289
24010574 15180 9287
21335213 15242 9296
22417857 15269 9298
24818715 15310 9305
6976225 15334 9306
25230898 15343 9305
26372951 15484 9324
5945282 15492 9324
26316278 15535 9338
26091983 15567 9343
27689873 15722 9372
25865016 15730 9372
28370416 15781 9375
28421390 15781 9375
21490472 15781 9375
21001570 15852 9379
25607801 15853 9378
28642558 15897 9383
572810 15939 9392
29725447 15979 9394
28932595 16031 9400
29797751 16040 9403
30119561 16046 9406
23530776 16117 9414
30532324 16175 9424
30321769 16185 9425
3701349 16254 9433
30316210 16337 9444
31535029 16356 9447
29489425 16396 9452
18740939 16445 9458
19370306 16503 9467
18023929 16507 9467
0 1 1
33483457 16647 9472
25217999 16656 9471
24605093 16659 9471
34151276 16733 9474
34363862 16756 9473
34764749 16790 9479
35312523 16841 9488
29350946 16841 9488
24265083 16849 9487
35907665 16909 9494
35950593 16911 9494
35627512 16915 9494
36316589 16938 9499
6024815 17098 9518
13018005 17167 9535
18867342 17189 9539
37452732 17203 9540
38503542 17246 9543
1594012 17254 9542
38795953 17287 9544
11505409 17288 9545
36771257 17315 9547
21312677 17350 9549
38263250 17409 9557
40281688 17412 9558
31975019 17434 9561
40537101 17443 9561
40665992 17496 9564
0 3 1
39935103 17528 9568
25107366 17538 9569
41740538 17610 9573
41991017 17648 9573
42336888 17687 9575
41258137 17691 9575
42820820 17733 9574
42955637 17766 9576
15611309 17772 9578
43254362 17785 9581
43373931 17805 9581
35178558 17805 9581
43562146 17816 9581
42759136 17822 9582
36110042 17947 9599
44482511 17959 9597
45431301 18032 9605
13719108 18032 9605
45289015 18049 9608
25476247 18093 9613
44589141 18093 9613
42373370 18121 9613
46569254 18126 9616
46317942 18143 9618
43517213 18156 9619
45372992 18180 9620
47512338 18237 9622
47922383 18287 9621
48222661 18308 9621
40948864 18335 9622
11407608 18432 9628
47206905 18437 9628
49991791 18531 9635
51275803 18646 9642
43099613 18663 9641
52228896 18709 9645
52893458 18771 9646
22318839 18782 9648
53073453 18789 9648
51311231 18818 9649
53495884 18825 9651
52690551 18827 9651
52703580 18829 9651
38889656 18884 9653
13029796 18892 9653
54283224 18936 9653
54994481 18937 9653
54571657 18944 9654
55300211 18949 9657
0 2 4
56453751 19143 9680
41048441 19143 9680
56549924 19159 9677
56807297 19160 9676
35974207 19161 9676
56794515 19170 9676
54012026 19293 9686
58490922 19352 9689
18808367 19382 9689
59542687 19401 9691
59272468 19437 9693
57223446 19497 9696
55954126 19543 9701
61149557 19560 9701
61550415 19609 9700
24288493 19633 9702
36880584 19655 9702
62340879 19676 9704
63196053 19755 9709
63317943 19757 9710
63363898 19758 9710
58418559 19778 9710
25998656 19819 9714
64356278 19828 9714
64793371 19849 9718
45588411 19857 9718
37183798 19871 9720
55619210 19928 9726
65901295 19968 9725
66629767 20034 9729
2 2 1
66846698 20050 9729
64645698 20071 9732
60728521 20188 9735
68568305 20197 9736
59494357 20205 9737
68161874 20210 9737
68665589 20210 9737
68925340 20212 9737
41485327 20218 9738
69216457 20235 9737
59463791 20254 9737
69844095 20267 9738
70360291 20295 9738
49316887 20311 9738
70855551 20330 9741
68048486 20364 9742
71550728 20389 9744
71038110 20393 9745
64970623 20395 9745
60881981 20471 9750
71699537 20474 9751
72880301 20489 9752
72986689 20494 9753
73126735 20506 9753
72686065 20520 9751
34405457 20579 9754
29769534 20593 9754
72518897 20622 9754
73576605 20625 9754
69549214 20653 9754
75471320 20661 9753
75357484 20686 9756
43190969 20706 9757
63048279 20735 9759
58541609 20738 9760
76462403 20759 9761
15295994 20757 9760
76266970 20811 9763
26076149 20812 9763
58768081 20819 9765
41389478 20900 9769
50439968 20919 9769
71764461 20919 9769
73275314 20971 9772
81365489 21026 9772
7285372 21098 9772
55500964 21121 9771
80044066 21150 9771
82058340 21150 9771
82498402 21180 9773
20551476 21221 9774
81797767 21248 9774
84335700 21282 9776
84542670 21293 9777
9825331 21310 9776
51113642 21316 9776
85265937 21349 9778
20410522 21368 9778
86978012 21435 9785
87048313 21444 9785
87093547 21444 9785
87054370 21477 9787
87342231 21488 9788
87830772 21496 9788
87884448 21498 9788
87749289 21588 9790
69409169 21640 9793
89626008 21653 9793
88533073 21714 9795
91358743 21773 9800
91401634 21782 9800
91282456 21807 9799
75079273 21819 9799
23631120 21865 9799
88867816 21868 9799
92518720 21894 9803
92618469 21904 9804
25129271 21931 9804
92894616 21960 9807
93682821 21968 9808
86861029 22002 9809
95072142 22060 9811
93786023 22067 9811
95105470 22113 9813
87541392 22135 9813
95915562 22139 9813
96512736 22164 9813
81176341 22183 9814
95952634 22184 9814
32509564 22187 9813
94691212 22244 9814
49181920 22245 9814
41790420 22245 9814
0 2 1
98793437 22312 9815
99361411 22369 9818
19860927 22371 9818
99803912 22389 9818
100715437 22462 9818
101008987 22475 9819
101115570 22481 9819
101369800 22582 9825
102322505 22582 9825
91893419 22616 9827
82697572 22728 9830
105659058 22775 9828
106067240 22801 9832
105780928 22801 9832
87975133 22826 9831
106278520 22834 9830
106495843 22847 9830
106465993 22887 9831
93326671 22903 9832
3147683 22923 9833
95617376 22930 9833
107678967 22938 9832
108522402 22964 9832
87580746 22990 9833
109041764 23036 9835
109732333 23042 9835
20411099 23068 9834
31615351 23070 9834
35854535 23090 9833
107313500 23096 9833
110085573 23096 9833
109140982 23131 9837
111425753 23152 9838
110818771 23162 9838
81131844 23178 9838
110936501 23245 9841
99468211 23297 9842
110899964 23366 9844
114964868 23404 9845
12265528 23423 9848
20940998 23433 9848
74219545 23520 9848
109234357 23532 9848
81189665 23559 9850
24037277 23595 9851
113765184 23609 9851
109293345 23621 9852
118506315 23633 9852
114989079 23668 9852
43075792 23668 9852
13851570 23706 9853
92627349 23708 9853
119914117 23711 9853
95386487 23717 9854
27748712 23720 9854
95844103 23739 9853
120617008 23747 9853
110310810 23747 9853
34952365 23748 9852
120707055 23754 9852
121188641 23793 9855
76443254 23813 9855
119628458 23848 9857
96867524 23853 9858
81901188 23854 9858
122811573 23869 9858
122866164 23877 9856
57168902 23896 9856
120254517 23911 9856
67081962 23943 9858
79790534 23951 9858
124363150 23958 9858
0 4 1
125668222 24025 9859
87919024 24059 9857
124097282 24065 9856
89194807 24077 9856
126930998 24081 9856
30846678 24107 9857
127607089 24112 9857
55073660 24115 9857
127635682 24117 9857
87758895 24124 9856
53559805 24129 9856
128620117 24148 9857
128954263 24162 9857
62097918 24164 9858
51798245 24283 9858
131086235 24323 9860
132425827 24347 9861
66770692 24348 9861
56578549 24366 9864
132679851 24375 9865
131920387 24417 9870
133868609 24457 9870
129710183 24480 9871
32546493 24484 9870
48180240 24522 9870
32899446 24529 9871
135829790 24532 9871
135851596 24537 9871
69123363 24564 9873
122692943 24581 9873
125674055 24628 9878
137769972 24655 9879
135349750 24658 9879
129166695 24659 9879
136114796 24706 9880
65399058 24731 9881
139495870 24750 9881
109768434 24761 9881
139858135 24766 9883
123083355 24792 9882
141814915 24821 9885
141481809 24826 9885
82940030 24860 9888
142547742 24861 9888
116917364 24862 9888
61692845 24868 9887
94539235 24891 9889
136948471 24895 9888
139851695 24895 9888
0 4 1
142547795 24923 9887
144814020 24960 9888
144531131 24999 9889
144245258 25001 9890
52393931 25003 9890
144898625 25017 9891
3068674 25028 9891
138152517 25036 9891
114468776 25041 9891
146434741 25042 9891
124651389 25065 9892
3948404 25077 9890
82666622 25109 9889
147861945 25120 9889
129340531 25171 9890
144818812 25216 9889
151544946 25283 9893
150332436 25304 9894
13599997 25378 9898
153460892 25405 9898
154098673 25406 9898
154182020 25413 9898
147255366 25457 9899
111867627 25486 9899
145783065 25497 9899
154030553 25523 9900
75946254 25550 9901
152601287 25592 9902
158578271 25603 9902
158674124 25612 9902
160348693 25747 9902
130703464 25771 9902
5363198 25793 9901
161485976 25809 9903
77708636 25813 9903
61271586 25818 9903
71755595 25865 9902
86836288 25882 9902
164468485 25900 9903
156997541 25903 9903
166437490 26001 9905
80507715 26001 9905
89975019 26025 9906
163035382 26060 9905
71130931 26085 9906
165461582 26122 9906
148038880 26126 9906
169989785 26178 9907
170046446 26179 9907
169554560 26187 9907
170373189 26192 9907
134745443 26204 9907
106127811 26231 9904
171401481 26235 9904
76731080 26237 9904
171716468 26255 9902
173457677 26326 9902
173639844 26340 9903
149443535 26345 9903
150748840 26375 9903
43178687 26391 9903
174250465 26409 9904
114947730 26421 9904
173321233 26437 9904
172909213 26440 9904
176625569 26468 9905
173754778 26468 9905
75607680 26518 9907
178396911 26569 9906
70173280 26594 9906
71679286 26624 9907
177624333 26642 9907
67372067 26645 9906
177717974 26658 9906
179840432 26664 9906
167889173 26683 9906
181040396 26725 9906
151040196 26756 9910
180982334 26785 9910
