0 1 2
69811 1817 1885
1101344 3767 2632
1823652 4365 2768
3122775 5430 2887
5011623 5653 2899
5601290 5804 2911
4073471 5810 2911
5703134 5861 2913
4290644 5863 2913
5965399 5920 2919
224204 5920 2919
6185175 5953 2919
6181675 5957 2920
5950395 5973 2920
6186984 6017 2924
6213785 6021 2924
4181452 6023 2924
4745758 6026 2925
2954111 6049 2924
6592422 6063 2925
360898 6063 2924
1184936 6069 2924
6748722 6121 2931
6976892 6160 2936
1455570 6204 2936
7248874 6237 2935
1826291 6281 2936
7597000 6345 2940
7723451 6380 2941
7574742 6390 2941
7933455 6444 2944
7954189 6449 2944
8148516 6482 2946
8131177 6559 2950
8315548 6564 2950
8694697 6587 2950
5307958 6602 2950
5787830 6626 2950
8568885 6656 2950
6447990 6794 2955
4215313 6801 2956
9514473 6802 2957
9517640 6802 2957
9561125 6807 2957
9555340 6818 2958
7782153 6920 2967
10627205 6973 2968
10543255 6977 2968
10750953 7004 2967
10851047 7004 2967
10994758 7045 2969
3639528 7072 2972
9085099 7106 2974
8005993 7196 2975
6633133 7239 2974
11800099 7272 2976
12203757 7305 2976
12079461 7320 2976
4016948 7381 2977
12809899 7405 2978
12870575 7418 2978
12721383 7438 2977
6338289 7480 2978
11620748 7490 2978
13264815 7504 2979
13660367 7555 2976
11989707 7600 2976
848978 7652 2977
14323709 7665 2978
14783270 7743 2981
15038960 7750 2982
15094819 7792 2982
9980694 7792 2982
8653191 7845 2985
15604048 7845 2985
3739580 7873 2983
7394308 7877 2983
15962277 7878 2983
16121708 7909 2984
14529371 7912 2984
16972402 8039 2988
17095930 8048 2987
129212 8088 2987
6838523 8089 2987
9776166 8094 2987
8941677 8102 2988
12027998 8102 2988
2432582 8112 2988
17357634 8130 2988
16286338 8163 2988
14694874 8202 2988
5092305 8203 2988
18299283 8219 2987
18351608 8223 2987
18159700 8225 2987
13644103 8265 2986
16682923 8309 2988
12333490 8316 2987
18665845 8316 2987
18957366 8322 2987
18845325 8333 2987
17365530 8338 2987
19156221 8344 2987
16295499 8387 2988
18263059 8394 2988
18810871 8396 2988
12082023 8402 2988
19697471 8408 2988
19613603 8417 2988
7992811 8435 2988
19908262 8464 2988
20208061 8465 2988
3514926 8486 2988
18661250 8513 2989
20615135 8513 2989
18467103 8654 2988
19899176 8677 2990
22114915 8692 2991
22109809 8692 2991
22720239 8764 2991
7619560 8774 2991
23036651 8789 2991
23071975 8852 2991
23385143 8853 2991
10486642 8900 2989
23958987 8927 2992
16404836 8928 2992
20548580 8951 2992
24126350 8956 2992
24139972 8958 2992
8436314 8960 2992
16932325 8982 2992
11434210 8983 2992
4810149 8996 2992
2613890 9016 2993
18730033 9059 2993
23664311 9061 2993
24720577 9084 2992
12991381 9144 2992
25868352 9157 2991
7073297 9157 2991
18646989 9187 2993
11947350 9188 2993
25123167 9205 2993
25180433 9248 2994
22837940 9296 2994
611500 9297 2994
20210997 9301 2994
7951089 9317 2993
15360101 9333 2993
25501069 9333 2993
26999645 9339 2993
22363490 9348 2993
27754350 9360 2993
17429676 9360 2993
28194584 9397 2992
4061269 9397 2992
22631820 9426 2992
24174492 9426 2992
10499894 9430 2992
27959390 9436 2992
1714112 9451 2992
28784740 9462 2992
7362451 9471 2992
28200026 9488 2992
13848371 9517 2992
7430488 9546 2992
29691979 9550 2992
28647228 9574 2991
28402014 9578 2991
3772127 9596 2991
30199189 9600 2991
22965735 9618 2992
3166237 9697 2993
22942161 9851 2993
32710813 9890 2993
32605765 9916 2993
32875411 9919 2993
26052426 9933 2993
11212095 9953 2993
32855603 9970 2993
33466087 9975 2993
33536493 9983 2993
12618358 10007 2992
24770187 10017 2993
34227704 10052 2993
1103628 10094 2993
415026 10136 2993
35038020 10147 2993
395662 10163 2994
5451272 10168 2994
29550336 10182 2994
35040163 10191 2994
6671091 10204 2994
36671207 10280 2994
24909630 10316 2993
26082848 10319 2993
17860841 10331 2993
2615421 10344 2993
9254342 10347 2993
14197474 10347 2993
29062269 10386 2993
38247117 10401 2993
38243282 10403 2993
5775427 10413 2993
10592411 10421 2993
11602851 10492 2995
39188023 10513 2995
28578496 10519 2995
39365526 10528 2996
39673830 10556 2997
38507138 10614 2996
40377781 10632 2996
40334559 10632 2996
2583647 10643 2996
10355322 10648 2996
40389284 10653 2996
11659704 10662 2997
40322542 10672 2996
41049652 10684 2996
30495921 10711 2996
41362713 10726 2996
204404 10770 2996
32939871 10772 2996
12601753 10790 2996
40403370 10793 2996
42233837 10876 2996
41308947 10875 2996
26980243 10888 2997
42908127 10897 2997
27703059 10915 2997
42214165 10920 2997
43171569 10924 2997
43594927 10958 2997
26645041 10980 2997
24441369 10987 2997
19814350 10991 2997
28546077 11013 2997
17942103 11014 2997
24673066 11016 2997
41044289 11022 2997
32210676 11030 2997
29055132 11053 2997
44377998 11055 2997
16607337 11057 2997
4802049 11094 2997
17513189 11102 2997
44017704 11119 2997
29087636 11156 2997
4588225 11162 2997
25567628 11182 2997
43063799 11202 2998
45942582 11209 2998
9421725 11237 2998
27928270 11253 2998
27851086 11261 2998
45100690 11308 2997
13839638 11317 2997
35804988 11340 2996
48735696 11377 2996
47217959 11379 2996
48771687 11382 2996
30678404 11386 2996
23054903 11389 2996
20464177 11395 2996
21511021 11404 2996
49592296 11451 2996
17736312 11454 2996
17451897 11455 2997
48074576 11457 2997
49793161 11486 2997
48306982 11493 2998
10149150 11503 2998
31835131 11511 2998
29220063 11514 2998
50252473 11519 2998
38536470 11545 2998
44446823 11548 2998
34257897 11569 2998
16780648 11585 2998
34813126 11596 2998
51579260 11605 2998
50310498 11627 2999
50586227 11635 2999
51899185 11639 2999
52068527 11660 2999
52275424 11666 2999
50730951 11667 2999
17729738 11703 2999
15642718 11717 2999
53010893 11736 2999
53084212 11756 2999
25154610 11774 2999
36651507 11786 2999
482677 11796 2999
42944979 11797 2999
43406220 11858 2999
36322629 11870 2999
41673603 11875 2999
9819132 11882 2999
52270163 11900 2999
52222783 11908 2999
1305822 11932 2999
34614002 11958 2999
25851697 11972 2999
37011592 11988 2999
16740645 12018 2999
8585756 12042 2999
56203129 12062 2999
54969813 12064 2999
56565882 12074 2999
56644935 12074 2999
17126997 12088 2999
56901700 12105 2999
1720685 12109 2999
26358664 12112 2999
57044966 12124 2999
43684918 12131 2999
8896963 12131 2999
57374222 12144 2999
11428335 12155 2999
57715739 12169 2999
57898105 12178 2999
57789455 12183 2999
51494185 12223 2999
9457533 12257 2999
58946191 12272 2999
10210111 12275 2999
10362507 12281 2999
55983552 12294 2999
59500109 12314 3000
6813762 12339 3000
59757369 12343 3000
28783991 12365 3000
27150487 12406 3000
60306517 12415 3000
48460555 12442 3000
59739299 12446 3000
60740262 12448 3000
60499299 12449 3000
32105006 12453 3000
34445015 12458 3000
58611702 12462 3000
60985474 12467 3000
44307944 12506 3000
20292595 12535 3000
55085338 12539 3000
42340568 12539 3000
28904826 12542 3000
1646533 12560 3000
61962292 12580 3000
5076830 12581 3000
26800412 12599 3000
62594024 12624 3000
39475557 12624 3000
61713865 12648 3000
44539325 12659 3000
39802727 12693 3000
30168424 12697 3000
5043912 12710 3000
63639501 12732 3000
16468314 12792 3000
64392465 12792 3000
65022947 12822 3000
65019591 12829 3000
65232521 12835 3000
64191157 12835 3000
16246965 12849 3000
65380481 12850 3000
65407356 12852 3000
8883784 12883 3000
58099826 12886 3000
53072364 12940 3000
61563148 12967 3000
62632704 12975 3000
63044493 13004 3000
1540357 13006 3000
53718108 13037 3000
16167814 13038 3000
10594587 13116 3000
8838093 13147 3000
65523211 13146 3000
66432427 13151 3000
10442017 13151 3000
15562188 13153 3000
24877645 13172 3000
56643315 13198 3000
40174206 13216 3000
69882776 13216 3000
40702790 13217 3000
47518641 13268 3000
50694915 13272 3000
2126655 13276 3000
70851573 13279 3000
1522213 13282 3000
70677456 13283 3000
50190129 13295 3000
29673744 13313 3000
70960779 13320 3000
69140152 13331 3000
18242592 13345 3000
11751301 13346 3000
62688398 13361 3000
39957486 13361 3000
12056193 13477 3000
56752002 13483 3000
59410412 13485 3000
45449952 13499 3000
74075351 13502 3000
5576979 13526 3000
60301855 13533 3000
9592432 13582 3000
12331043 13606 3000
75319536 13606 3000
75502692 13610 3000
68827526 13617 3000
75665101 13624 3000
24940357 13631 3000
56269951 13653 3000
13062693 13661 3000
76724527 13664 3000
8953945 13669 3000
76888183 13673 3000
76905720 13679 3000
16784167 13681 3000
76595895 13696 3000
12019097 13706 3000
64813069 13714 3000
41586749 13718 3000
5072168 13739 3000
68898908 13769 3000
68557892 13773 3000
77607713 13778 3000
73557407 13779 3000
31826819 13782 3000
78194431 13788 3000
78495950 13803 3000
5967515 13803 3000
27924130 13817 3000
78886806 13831 3000
68736620 13858 3000
44122032 13873 3000
79543917 13874 3000
11772865 13888 3000
56970281 13894 3000
79941359 13902 3000
12758612 13915 3000
23778361 13941 3000
73964180 13949 3000
2972667 13986 3000
81655997 14003 3000
16728279 14005 3000
70373905 14017 3000
34105630 14017 3000
82337685 14057 3000
73677356 14069 3000
54940587 14077 3000
82585433 14100 3000
73871560 14139 3000
3683686 14147 3000
61222214 14149 3000
62344621 14184 3000
69275053 14184 3000
34044009 14217 3000
44696938 14220 3000
67009523 14223 3000
19204535 14232 3000
84729259 14233 3000
85616068 14296 3000
28188629 14310 3000
30003701 14328 3000
1471855 14334 3000
60532499 14334 3000
4001986 14372 3000
87621257 14420 3000
41205593 14425 3000
39960272 14444 3000
79141476 14459 3000
39204762 14507 3000
30984180 14565 3000
15813232 14655 3000
43126073 14655 3000
90651293 14662 3000
26012008 14699 3000
17040599 14705 3000
74200327 14706 3000
82286190 14706 3000
45180580 14718 3000
42862983 14721 3000
87519358 14736 3000
37024073 14761 3000
27482196 14808 3000
31462563 14815 3000
93872539 14851 3000
7017477 14860 3000
33494890 14882 3000
94398750 14888 3000
94765351 14901 3000
95450947 14952 3000
58902243 14956 3000
28247092 14957 3000
21568013 14968 3000
65034977 15016 3000
22967216 15046 3000
97017307 15077 3000
21735252 15078 3000
97104138 15084 3000
3724195 15090 3000
97334754 15092 3000
30074834 15092 3000
70077970 15175 3000
43005198 15176 3000
98574059 15177 3000
19516459 15193 3000
39368295 15197 3000
34913768 15236 3000
99549249 15248 3000
99777543 15263 3000
100057135 15296 3000
49586088 15301 3000
94899064 15304 3000
3587310 15322 3000
46987774 15325 3000
98578992 15397 3000
97855274 15410 3000
102057064 15412 3000
88421188 15419 3000
7649050 15465 3000
81252210 15472 3000
355851 15483 3000
24630193 15488 3000
17760421 15495 3000
32336659 15525 3000
53088325 15555 3000
75347096 15555 3000
62112840 15573 3000
1150828 15593 3000
99681091 15607 3000
83350662 15619 3000
104599146 15638 3000
78154660 15676 3000
39136000 15681 3000
106090854 15695 3000
31606723 15716 3000
53421162 15716 3000
106448829 15717 3000
60484480 15743 3000
63262120 15760 3000
23304479 15766 3000
98194433 15772 3000
4919034 15833 3000
108250395 15834 3000
5528912 15844 3000
108844453 15871 3000
43281037 15883 3000
65235411 15887 3000
26819915 15887 3000
62477511 15908 3000
61522657 15926 3000
26222760 15933 3000
9982957 15941 3000
105686697 15948 3000
32749645 15954 3000
89099773 15961 3000
46007219 15970 3000
4446921 15978 3000
68538964 15983 3000
105664409 16001 3000
34129625 16010 3000
95929024 16026 3000
18495814 16054 3000
111978835 16063 3000
17100407 16160 3000
70435142 16186 3000
101227629 16238 3000
107507123 16260 3000
26221155 16289 3000
2481971 16398 3000
77360889 16415 3000
213409 16420 3000
27342347 16433 3000
118666300 16476 3000
19290648 16482 3000
83290312 16484 3000
64360089 16495 3000
73743690 16511 3000
79916939 16543 3000
96093618 16544 3000
120276757 16559 3000
79463044 16560 3000
105914749 16566 3000
5135466 16570 3000
12460873 16577 3000
63549993 16577 3000
121474648 16629 3000
119604099 16643 3000
114873838 16665 3000
60457196 16714 3000
121547205 16717 3000
25603171 16723 3000
18677722 16725 3000
98433759 16730 3000
4930694 16742 3000
82416640 16745 3000
123772910 16760 3000
96648534 16797 3000
10918454 16798 3000
8604203 16812 3000
125469148 16868 3000
106187118 16887 3000
22570774 16912 3000
25817630 16915 3000
3765130 16925 3000
126313581 16934 3000
9762228 16944 3000
33499814 16954 3000
12379081 16960 3000
46160750 16992 3000
55361752 16993 3000
20942743 17012 3000
90660506 17020 3000
60325276 17036 3000
25216643 17036 3000
21019246 17063 3000
46912782 17067 3000
3870337 17079 3000
128924493 17084 3000
68910925 17086 3000
101569319 17107 3000
92226647 17111 3000
18175823 17133 3000
129955274 17140 3000
114919690 17148 3000
29962196 17158 3000
130265311 17188 3000
131309838 17194 3000
84641745 17267 3000
5260914 17273 3000
102079761 17307 3000
51364618 17309 3000
78645125 17320 3000
9622568 17320 3000
63109875 17330 3000
54243143 17352 3000
91551158 17354 3000
108320917 17363 3000
41617564 17379 3000
43936506 17429 3000
12581408 17480 3000
49360953 17480 3000
84476883 17481 3000
3170624 17506 3000
87390023 17511 3000
26866760 17537 3000
27507524 17546 3000
44466976 17556 3000
67812225 17580 3000
6532192 17599 3000
39733253 17618 3000
43603833 17619 3000
114305088 17623 3000
27808900 17629 3000
1953457 17632 3000
85945109 17638 3000
26868877 17648 3000
5074062 17679 3000
27501686 17687 3000
69543021 17692 3000
105678839 17712 3000
140581003 17716 3000
48359950 17721 3000
85878764 17736 3000
38951255 17772 3000
141533127 17777 3000
84947996 17782 3000
119836014 17804 3000
15903514 17818 3000
19968059 17855 3000
19495713 17874 3000
144265738 17877 3000
34854649 17924 3000
142952491 17966 3000
146045779 17993 3000
38658485 18007 3000
4543349 18019 3000
88470216 18027 3000
102455253 18127 3000
140775724 18131 3000
73426256 18134 3000
100789666 18140 3000
12824419 18155 3000
24775350 18158 3000
149270687 18174 3000
50086406 18194 3000
54115727 18212 3000
51928294 18218 3000
92355259 18239 3000
32929423 18244 3000
33066404 18264 3000
58692117 18291 3000
56767276 18297 3000
111954324 18310 3000
38328336 18335 3000
118716683 18347 3000
59048460 18370 3000
153084139 18374 3000
37909959 18390 3000
4693961 18390 3000
153582605 18391 3000
66604022 18399 3000
127288073 18422 3000
55304724 18425 3000
8492443 18486 3000
155295040 18488 3000
33206992 18505 3000
88587057 18527 3000
131673501 18551 3000
38224095 18567 3000
4932555 18590 3000
153415058 18590 3000
1225349 18600 3000
142643856 18621 3000
31217984 18621 3000
98749840 18644 3000
126639170 18647 3000
120345981 18649 3000
4362759 18677 3000
14253533 18685 3000
100345304 18733 3000
18353898 18783 3000
100988834 18784 3000
2081092 18784 3000
86643063 18787 3000
152154447 18791 3000
125881726 18851 3000
163304196 18857 3000
88581534 18864 3000
134981227 18883 3000
73227991 18903 3000
97712492 18925 3000
137146788 18934 3000
10785647 18935 3000
149955803 18939 3000
164723100 18939 3000
165235195 18963 3000
45887669 18986 3000
20059560 18988 3000
164066938 18988 3000
154265698 18991 3000
27292507 19026 3000
53987159 19026 3000
46453173 19033 3000
101730818 19044 3000
33742011 19065 3000
41703221 19097 3000
65462648 19103 3000
88919395 19117 3000
6135204 19116 3000
49783880 19166 3000
66293613 19207 3000
169485355 19210 3000
11882024 19224 3000
169703574 19224 3000
75136440 19227 3000
111950350 19255 3000
19827224 19281 3000
170690054 19296 3000
21656222 19309 3000
165000365 19314 3000
42876046 19322 3000
10240360 19331 3000
9044775 19335 3000
172265351 19364 3000
54231618 19453 3000
36327847 19471 3000
113481368 19473 3000
173995368 19474 3000
172898869 19484 3000
169475924 19485 3000
24233858 19486 3000
1284988 19502 3000
161600761 19509 3000
5921559 19521 3000
148925360 19538 3000
81402574 19541 3000
74355600 19546 3000
19785194 19636 3000
123549263 19637 3000
552134 19730 3000
125981412 19738 3000
11285530 19738 3000
180422648 19808 3000
180309662 19809 3000
13159630 19823 3000
180725880 19839 3000
113457550 19877 3000
9742706 19918 3000
92832603 19943 3000
19945 19947 3000
182785367 19955 3000
32156008 19961 3000
9975943 19961 3000
75461211 20006 3000
42297429 20029 3000
31565043 20064 3000
124456800 20065 3000
54198243 20124 3000
57140784 20130 3000
28173059 20142 3000
137594472 20142 3000
20797640 20148 3000
148958693 20181 3000
21045449 20195 3000
91998370 20210 3000
42488370 20228 3000
147347594 20238 3000
