0 4 4
0 4 5
22 8 20
1 1 2
0 5 8
3 3 2
0 7 5
1 1 1
9 9 9
0 2 1
1 1 4
1 2 4
2 3 5
8 4 6
0 7 4
0 2 3
9 8 12
3 2 3
10 11 47
0 2 1
7 7 5
2 2 4
0 4 5
0 2 2
1 3 7
0 1 4
2 2 1
14 8 9
0 9 10
0 10 39
1 1 1
0 2 4
1 1 2
0 5 16
0 3 2
3 3 5
1 1 1
0 3 1
1 7 14
0 3 1
3 4 2
1 1 1
0 1 1
0 2 4
2 2 1
0 1 2
5 5 10
34 10 69
0 1 2
0 3 2
2 5 5
2 1 1
4 2 5
219 38 34
0 15 35
1 2 3
0 1 3
0 5 4
9 5 5
0 1 2
0 1 2
2 5 4
0 1 1
1 1 1
8 4 4
0 3 4
0 1 1
0 9 10
6 6 21
0 3 1
41 9 11
0 6 3
4 2 2
10 7 4
0 3 4
14 6 3
1 1 1
10 6 16
45 14 7
29 13 120
0 2 1
0 2 1
78 16 53
0 13 125
3 3 3
2 2 1
0 1 1
30 25 227
0 3 1
4 8 4
0 8 4
2 4 2
17 17 22
48 25 236
0 4 1
1 3 2
3 4 3
148 32 332
35 32 141
0 27 36
0 7 1
0 9 20
2 2 2
14 14 6
19 19 23
28 29 52
10 10 21
106 33 17
44 12 23
2 2 1
6 6 6
69 34 127
5 3 4
1 1 1
0 5 2
0 8 4
61 25 56
47 16 53
10 10 10
3 21 13
78 34 218
30 31 60
0 2 2
5 27 33
60 22 13
0 3 2
0 2 4
217 62 504
0 10 45
2 1 1
14 15 9
2 2 3
10 6 8
113 44 191
15 13 37
2 1 1
37 66 780
33 32 37
1 9 19
0 2 2
11 16 37
13 30 111
0 30 125
92 16 20
1 26 141
2 44 71
14 25 119
6 4 2
45 75 1033
0 6 7
0 4 1
3 3 2
0 7 15
32 10 14
7 7 18
11 11 15
0 9 6
19 18 20
184 64 171
85 85 1534
29 37 21
8 5 3
0 1 2
0 4 4
131 33 38
148 85 2026
0 2 3
4 4 1
88 96 2131
8 5 9
33 44 40
67 42 27
12 3 8
11 12 1
16 11 9
2 4 3
66 36 23
5 37 47
2 1 1
16 16 5
254 168 2756
19 15 19
467 169 2784
4 4 4
0 2 6
2 2 5
0 2 3
1 4 1
17 31 51
6 4 3
144 83 52
11 9 8
11 19 12
3 2 1
285 170 3059
429 91 42
0 29 25
0 2 7
0 3 3
7 5 7
603 171 3169
343 171 3169
2 22 49
64 17 7
3 3 3
62 61 127
219 31 52
6 19 12
854 171 3341
0 2 1
4 1 1
962 179 3502
8 2 2
0 9 7
3 8 4
916 182 3577
545 182 3581
1247 182 3580
233 50 62
30 15 26
0 1 1
1218 182 3607
1317 182 3689
10 7 2
1536 183 3729
14 14 14
0 5 1
6 7 6
0 3 3
26 24 6
1492 184 3851
11 5 6
10 8 4
56 13 5
0 2 4
1470 185 3904
6 3 3
1 1 1
2 2 1
2171 188 3999
0 4 2
2042 257 4038
55 17 9
339 44 41
1 1 1
1175 259 4151
674 263 4152
2046 263 4161
2322 263 4161
2 3 4
0 3 1
21 9 6
0 3 3
2760 287 4275
0 287 4281
356 44 28
4 4 2
2 1 1
4 2 5
8 4 5
2887 289 4305
4 3 2
820 58 70
3797 315 4402
3691 316 4424
4083 316 4452
0 8 6
4385 318 4551
4289 319 4551
7 8 3
4781 319 4557
2 2 4
5051 321 4580
83 76 48
375 184 85
0 2 4
5254 322 4665
6 2 2
5145 322 4674
5248 353 4694
3481 356 4716
0 6 2
0 1 1
4351 366 4770
3236 451 4848
12 5 5
139 43 23
9194 958 5054
239 43 25
8 4 2
0 3 2
2035 322 126
12870 1086 5210
0 7 4
81 63 20
1129 151 68
10 10 3
465 112 30
19721 1125 5259
4 9 6
1153 1125 5264
20846 1126 5280
10208 1126 5283
356 61 48
508 56 32
1701 195 78
25380 1157 5315
25571 1352 5408
0 1 1
2 1 1
14 5 2
0 3 2
39670 2226 5788
43894 2238 5802
42825 2238 5802
52875 2242 5802
51247 2438 5910
57361 2502 5946
68278 2680 6034
70600 2683 6036
68007 2684 6035
81170 2706 6065
84115 2706 6073
32708 2706 6077
84465 2718 6081
14 14 16
118243 2981 6209
96570 2982 6207
128698 2985 6210
136305 2989 6210
139357 3057 6247
136197 3167 6297
167672 3168 6299
150 51 16
206334 3344 6414
226350 3346 6446
232209 3421 6480
63 14 16
271167 3479 6496
240943 3479 6498
285159 3556 6546
121 25 4
0 2 1
206432 3652 6582
2 5 1
346329 3665 6616
563 52 17
2 1 2
0 4 1
2 1 1
447298 3863 6722
20 10 7
1 2 2
15 4 3
462993 3875 6767
127 75 16
462735 3876 6770
473282 3946 6788
482656 3978 6796
490632 3990 6804
0 3 2
514963 4037 6821
523280 4220 6878
0 2 1
538718 4232 6886
532612 4233 6885
320277 4235 6907
7 6 5
670459 4362 6975
681292 4363 6975
711546 4502 7029
3 4 1
760971 4614 7081
0 4614 7085
1 2 1
370614 4623 7091
797932 4653 7104
831076 4676 7124
445063 4741 7145
871546 4745 7147
307619 4834 7166
911935 4838 7173
926628 4881 7179
545185 4882 7180
0 2 1
950336 4962 7209
2 2 1
0 17 5
995541 5006 7225
0 8 1
814345 5034 7238
1060883 5040 7245
1071042 5041 7245
1096163 5061 7252
1104068 5105 7270
3 1 2
1167624 5155 7313
1172119 5159 7318
5 6 2
1 4 2
728129 5193 7330
1230106 5204 7330
687758 5365 7390
1214995 5484 7419
1278030 5487 7419
0 1 1
175876 5853 7535
1383264 5881 7571
0 6 4
1400835 5937 7584
126 41 10
102 17 4
1574535 6018 7605
706488 6018 7605
1503762 6018 7607
1580408 6021 7604
1471315 6022 7602
3 3 2
1055367 6145 7627
1685094 6150 7633
1666768 6152 7635
1135786 6160 7635
1693687 6161 7638
1764337 6171 7645
0 2 1
1592453 6241 7672
1879845 6263 7678
1907501 6277 7687
1958460 6425 7707
0 2 1
1984474 6425 7708
1990588 6445 7713
1766517 6461 7712
2023268 6474 7713
2080490 6535 7722
798045 6547 7726
4 2 1
2094793 6551 7727
5 5 2
32 18 4
2136766 6605 7735
1712914 6605 7735
1118902 6634 7750
2312622 6634 7750
2345824 6676 7762
2358931 6694 7762
2452600 6803 7781
0 4 2
2 1 1
18 9 4
2515238 6965 7824
2727686 7137 7863
2727594 7138 7866
2834757 7214 7879
2815041 7216 7879
2920915 7239 7883
2 2 1
3013470 7328 7910
6 3 1
4 2 1
3082727 7411 7928
2305109 7424 7936
3261961 7517 7962
3261432 7609 7988
3269392 7610 7989
3292071 7637 7996
3368974 7697 8009
3365664 7705 8012
3415166 7748 8022
3430390 7825 8032
3516472 7841 8044
3480923 7866 8060
3721328 7883 8075
3756521 7905 8083
2 2 3
534712 7955 8093
3983265 7987 8100
1838860 7997 8102
2766300 8059 8108
4094802 8079 8110
500778 8083 8108
2390975 8101 8118
4281970 8130 8122
4460940 8250 8148
4480891 8272 8155
4670649 8416 8183
4679571 8417 8183
4 3 1
4065782 8478 8195
935640 8581 8211
5 5 1
5106611 8685 8226
5325703 8803 8238
5562655 8945 8263
4717942 9071 8292
0 9 4
5719661 9077 8293
5965271 9165 8320
5847129 9221 8333
6215751 9288 8345
4476085 9299 8346
6234168 9301 8346
6297665 9345 8351
1948778 9371 8351
6354920 9405 8359
6180628 9567 8406
6482875 9569 8409
5 4 3
6070076 9634 8423
6873319 9680 8441
7136112 9777 8474
7153567 9802 8475
7295948 9820 8472
0 3 1
7339986 9830 8472
5 5 2
7909114 10055 8513
6969122 10105 8525
7661843 10105 8524
5 4 2
4305027 10202 8540
8081870 10263 8548
8382864 10264 8547
0 7 1
7218112 10288 8552
8630326 10348 8570
7374376 10350 8569
8655114 10350 8569
2070882 10352 8568
8685722 10362 8571
8685926 10391 8577
3 1 1
2393875 10465 8587
8875578 10495 8588
8868708 10495 8588
0 29 3
3223845 10611 8610
9068716 10612 8609
9263543 10612 8609
8529517 10669 8626
0 1 1
9797347 10708 8626
9951270 10729 8628
10090568 10850 8651
0 5 1
10310079 10862 8651
10381342 10877 8652
7349481 10896 8653
10762912 10935 8663
9540772 10940 8663
10400542 10941 8666
11055800 10971 8668
1905169 11035 8682
11074395 11103 8690
11347457 11120 8689
11503462 11231 8700
10724113 11393 8729
9994258 11400 8731
11935235 11441 8737
11952208 11444 8737
11990843 11449 8739
12107127 11491 8746
12172375 11516 8750
12418381 11557 8751
12601152 11650 8767
12604165 11654 8767
118 46 8
13277360 11966 8823
13235939 12068 8841
7116213 12115 8844
11721454 12119 8845
13825518 12204 8863
13932514 12218 8868
14006222 12239 8870
14177471 12305 8881
10822589 12355 8890
9140421 12373 8891
235284 12396 8892
14598188 12406 8894
14598398 12406 8894
14577210 12410 8895
14667847 12431 8897
0 8 2
15035480 12564 8911
15123390 12604 8909
13409740 12613 8909
14952882 12634 8916
15179737 12671 8921
4669402 12673 8920
9864360 12711 8921
1555045 12714 8923
15749722 12715 8923
15864989 12722 8924
2123689 12727 8926
16410072 12866 8948
16616569 12950 8953
16642493 12958 8953
3526704 13022 8962
17135923 13060 8969
17281221 13208 8982
17544669 13226 8990
17074786 13293 9004
18541294 13457 9021
16 8 2
16557969 13475 9025
14827451 13490 9027
18997227 13496 9028
11657406 13536 9030
13549675 13600 9039
19890794 13631 9041
19935702 13632 9041
19912651 13672 9043
10669706 13700 9049
20225697 13701 9050
6681877 13730 9051
20431159 13730 9052
11813925 13744 9053
20842735 13798 9054
0 2 1
21371264 13903 9073
21439112 13921 9076
20884332 13953 9078
22279006 14035 9095
22336566 14064 9101
22529129 14100 9108
22740025 14187 9117
23057433 14247 9129
23086655 14257 9132
23091095 14261 9133
23158202 14268 9132
23457658 14302 9133
23501108 14305 9133
24261205 14444 9154
1991044 14491 9153
4068949 14491 9153
2 1 1
6450854 14506 9153
24454022 14510 9154
24797371 14515 9153
24869693 14532 9157
21112982 14546 9159
25044152 14561 9162
19247223 14619 9169
16810435 14641 9171
20250011 14651 9172
4 2 1
25541847 14664 9173
24864141 14721 9174
25893948 14744 9180
26397460 14846 9187
26501423 14880 9186
25881410 14884 9184
26589872 14884 9184
26963626 14955 9192
27095964 14971 9189
27127311 14975 9189
27669022 15066 9198
27850042 15110 9201
28071194 15184 9206
17112351 15187 9207
25994381 15234 9216
6610034 15249 9222
14966512 15263 9225
21150957 15271 9226
24942349 15348 9227
29848428 15387 9227
19133308 15396 9227
30642468 15454 9229
16853958 15519 9237
31455600 15526 9238
29930529 15553 9239
26926821 15599 9243
31875828 15606 9244
9216100 15640 9240
19285382 15660 9241
32175244 15696 9238
13240613 15697 9238
32649303 15709 9241
32841844 15786 9245
33303583 15832 9254
33780258 15882 9258
33907504 15888 9258
33921427 15928 9267
34178803 15940 9271
34235551 15940 9270
34385537 15971 9269
27625739 16009 9279
8 3 1
34817117 16037 9281
35620921 16117 9296
16620220 16119 9296
0 7 2
35885197 16183 9304
36074423 16191 9305
36431313 16267 9314
36771703 16292 9315
37061396 16310 9316
37099192 16314 9318
36545384 16331 9320
37278178 16388 9323
33738025 16431 9326
38002162 16493 9329
33564522 16503 9328
38129162 16511 9329
38454979 16553 9332
38556257 16562 9330
38896026 16608 9334
38928834 16608 9334
39204715 16631 9337
37123410 16663 9345
5690927 16683 9344
34319795 16689 9344
39777798 16690 9344
40028530 16708 9346
38381936 16718 9347
40229104 16718 9347
39748792 16719 9347
40383089 16817 9352
41186508 16851 9353
41477281 16911 9360
36211024 16914 9361
42131223 16924 9361
4 2 1
42567841 16982 9365
10945435 17004 9366
42992155 17095 9371
43037499 17095 9371
43167657 17098 9371
43504452 17143 9378
43613702 17150 9380
43665995 17153 9380
13 5 1
43717624 17153 9380
43820196 17154 9379
26759696 17185 9383
8569084 17204 9386
23853520 17219 9390
17962945 17256 9393
43828500 17302 9404
30343402 17328 9409
45078482 17328 9409
37722486 17408 9419
19391776 17483 9430
46124290 17485 9430
22964784 17502 9431
46615765 17566 9436
46374973 17577 9436
46654716 17600 9436
47370793 17600 9436
47617777 17629 9438
46740396 17641 9438
47544825 17675 9439
48147007 17688 9440
21 21 3
47537052 17697 9442
35232157 17701 9440
44591343 17735 9443
48654645 17802 9450
48679783 17828 9453
49054231 17841 9454
49174000 17849 9453
46813024 17854 9451
49371606 17857 9452
46905735 17868 9454
49930840 17933 9458
49900052 17935 9459
14788851 17936 9460
50577194 17966 9459
28386703 17968 9458
50774709 17972 9458
48276110 17989 9458
51256889 18055 9468
51295925 18056 9468
51371075 18069 9470
51821926 18119 9471
50993181 18176 9477
52417719 18187 9477
52750334 18241 9487
0 1 1
53952611 18340 9493
27743600 18357 9494
54262838 18369 9495
7 5 2
55039471 18488 9499
43499412 18519 9502
54669075 18568 9506
54983582 18583 9506
56842283 18645 9514
12563446 18647 9514
56916696 18647 9514
56972631 18664 9517
56162360 18742 9524
54501242 18802 9527
58621955 18807 9525
4077333 18929 9531
5 4 1
60323748 19007 9534
15541267 19020 9535
60343292 19020 9536
60685197 19069 9536
57097847 19091 9536
57112373 19092 9536
61043021 19107 9534
57234015 19107 9533
60886241 19139 9538
61132033 19177 9537
62983808 19245 9539
54422175 19290 9539
55141267 19300 9539
63337694 19336 9539
44697205 19345 9540
64063193 19346 9540
64237897 19350 9540
64509357 19382 9539
30815207 19406 9543
65614752 19434 9542
65810038 19448 9542
65848810 19452 9542
6 6 1
64881073 19469 9542
59199348 19471 9542
66374467 19504 9543
4707326 19612 9551
67508280 19698 9556
0 2 1
67688410 19715 9555
59584568 19746 9556
68320225 19764 9556
68711717 19827 9558
52973560 19831 9558
59222122 19883 9560
68760516 19888 9561
69588601 19915 9562
70088371 19933 9561
55946819 19938 9562
53546449 19952 9561
70743581 19963 9562
71642559 20053 9565
71706785 20058 9566
72028752 20118 9569
72184902 20126 9569
54612037 20128 9569
72373426 20132 9569
71238582 20166 9567
47841879 20168 9567
68023170 20168 9567
65197248 20176 9566
73441401 20222 9567
73985692 20275 9572
73687892 20300 9570
74211821 20300 9571
74675452 20312 9570
74695385 20313 9571
52099274 20355 9573
75263256 20377 9571
75457900 20387 9573
72974579 20388 9573
24349085 20396 9573
72082886 20410 9573
75693378 20410 9573
64373572 20455 9573
62758622 20467 9572
3638587 20472 9572
76736600 20491 9573
76880245 20509 9573
77310095 20524 9572
77365562 20530 9572
77492002 20535 9573
3 4 3
79410904 20649 9579
79731678 20682 9582
27088767 20684 9582
59552321 20766 9585
73269537 20807 9587
81271678 20832 9589
81360358 20837 9590
47624636 20844 9591
82245626 20897 9595
65617136 20957 9593
84312648 21041 9600
84542693 21049 9601
84816618 21068 9601
86505378 21147 9611
7075110 21147 9611
58989183 21163 9614
87055258 21183 9616
34824651 21236 9619
88351796 21287 9624
89477182 21334 9630
11790039 21359 9631
89993886 21383 9632
90357842 21392 9632
3619457 21395 9632
0 1 1
90593253 21416 9634
90778876 21423 9635
90957515 21431 9635
56380897 21449 9637
88620702 21488 9635
92331434 21489 9635
81290220 21498 9636
92566794 21505 9637
93343394 21567 9642
93386493 21568 9642
86072013 21612 9646
13814755 21633 9645
27011112 21643 9646
11789612 21672 9648
50859628 21706 9647
97001610 21758 9652
18160927 21758 9652
97938283 21792 9655
98309012 21824 9656
25496956 21866 9657
96247351 21901 9658
99555949 21941 9657
100522576 22000 9663
100588598 22005 9663
99585068 22010 9662
101001373 22051 9663
101425445 22078 9663
98421607 22117 9666
102728076 22157 9669
79941951 22162 9669
103507448 22205 9671
103639901 22209 9670
76121618 22216 9668
104260009 22290 9678
104464300 22293 9678
104910744 22322 9676
104927844 22341 9676
80373625 22341 9676
102505122 22363 9677
105784252 22380 9677
106384781 22388 9678
103061496 22397 9678
106469152 22399 9678
100196425 22405 9678
107167976 22437 9680
107238138 22439 9680
100923644 22444 9680
107732035 22459 9678
17161155 22460 9678
107149462 22467 9676
80617911 22489 9676
44035227 22511 9676
108671207 22513 9678
108878045 22522 9679
77371895 22622 9676
97611666 22630 9676
112631007 22666 9675
90239036 22674 9674
111826962 22705 9677
113447677 22760 9681
100986529 22775 9682
114131892 22809 9689
114129602 22812 9689
114770628 22826 9689
103532074 22856 9691
115212015 22862 9690
24925630 22871 9690
102187850 22873 9690
115133714 22876 9690
109270042 22876 9690
94702914 22877 9690
111892130 22925 9694
83571664 22941 9694
117518923 23010 9697
118210004 23034 9700
21750247 23053 9703
7922897 23067 9704
118796169 23076 9703
95300453 23092 9704
90053903 23126 9705
103434830 23130 9705
29127302 23141 9705
115931446 23151 9706
110274937 23219 9707
121144489 23220 9704
55240553 23236 9705
74356710 23270 9705
85899977 23455 9707
125410973 23455 9707
123887772 23480 9709
125347318 23485 9709
125997990 23488 9709
126037371 23489 9709
126443613 23508 9711
105899433 23510 9711
123400359 23510 9711
126954684 23564 9714
120402067 23569 9713
127808490 23583 9715
128306466 23625 9715
82851163 23655 9714
128755715 23658 9714
126960406 23670 9715
128944878 23670 9715
128777452 23671 9715
129276446 23679 9715
90894637 23708 9719
130104562 23718 9719
131078871 23742 9721
118027202 23749 9721
132195831 23809 9726
131649699 23826 9726
133651299 23889 9727
133866588 23891 9729
127676040 23895 9728
132913092 23901 9727
134963361 23922 9724
121664447 23922 9724
2 2 2
135468673 23953 9727
130323510 23996 9733
123798979 24041 9735
132451529 24045 9735
126173036 24092 9735
103351222 24134 9736
135904797 24164 9737
140117408 24211 9740
140214387 24213 9740
140238305 24214 9740
118217168 24241 9742
141666485 24257 9743
141601362 24266 9743
59114173 24294 9742
142783129 24309 9744
144071685 24391 9750
111773260 24411 9751
138935702 24460 9754
141714514 24472 9754
135919116 24495 9755
121726858 24497 9755
146567549 24503 9754
147401301 24548 9756
148679996 24588 9757
148710332 24597 9757
149024537 24601 9757
77411422 24604 9757
149095834 24604 9757
149392784 24615 9759
149497242 24664 9763
39889061 24720 9765
150086901 24745 9764
98634540 24755 9764
22904905 24755 9764
151686428 24755 9764
151764018 24755 9764
152159265 24778 9764
147431617 24850 9762
130003067 24853 9760
152959041 24875 9758
106290050 24877 9758
150205363 24918 9756
156060972 24925 9755
156326118 24936 9755
156490012 24947 9758
45191168 24952 9758
118928266 24986 9759
157608415 24991 9759
158509320 25008 9758
158367180 25040 9759
159860663 25097 9759
112292022 25118 9760
121362993 25123 9759
157783011 25128 9759
131503879 25239 9762
16690917 25266 9762
163509831 25278 9762
163863094 25372 9767
164158335 25372 9767
165083233 25410 9768
163090243 25464 9770
166556929 25479 9769
166636333 25482 9770
166683288 25483 9770
40211706 25493 9770
166907698 25499 9770
166993457 25503 9770
167015143 25503 9770
132890101 25529 9771
168472616 25557 9771
160736389 25582 9771
158349678 25603 9772
168288555 25615 9772
170085898 25639 9773
27489410 25658 9772
169264923 25686 9774
170985253 25705 9774
171988199 25736 9777
8943221 25748 9780
172078188 25760 9781
168304522 25783 9780
173551560 25798 9780
173573163 25798 9780
0 2 1
171361765 25836 9779
59736938 25882 9779
175884842 25891 9779
117564417 25939 9784
76153251 25988 9782
178660141 26001 9782
178791251 26006 9782
84338172 26009 9784
179025376 26018 9785
179148424 26023 9785
109258654 26024 9785
179598057 26039 9785
69514680 26063 9786
180797743 26108 9786
2 3 3
181136706 26115 9786
181293845 26122 9787
181423534 26122 9786
31439568 26122 9786
181513630 26128 9786
181816408 26137 9788
182887210 26188 9790
183081088 26193 9789
183962719 26253 9793
185239535 26301 9797
185290394 26304 9799
185828573 26320 9801
70912925 26328 9802
186013677 26331 9802
186380721 26353 9802
49072016 26354 9802
187118514 26375 9801
187450002 26414 9802
10 5 1
189065328 26440 9805
187754451 26467 9809
161743952 26502 9809
190765593 26508 9807
156620202 26514 9807
191352220 26515 9807
191321125 26515 9807
191458217 26520 9807
190175132 26520 9807
191484793 26521 9806
89921672 26525 9806
48069036 26578 9808
176072207 26596 9808
16118776 26608 9807
176714277 26620 9807
194433065 26648 9809
112163604 26691 9813
195600815 26732 9815
196136593 26783 9820
195182545 26791 9820
104686704 26797 9822
196963703 26854 9824
198127015 26858 9824
170690972 26859 9824
193874916 26861 9824
198290095 26863 9824
199064370 26904 9827
200416438 26961 9828
200524557 26970 9829
194852711 26992 9828
190552824 27001 9829
199924445 27002 9829
176416191 27008 9829
202171502 27032 9829
73608092 27060 9830
203523139 27070 9830
188824831 27098 9831
113017117 27129 9831
104606511 27132 9832
183713917 27136 9832
205717026 27178 9832
51674957 27181 9832
206020303 27194 9832
74428756 27196 9832
195500544 27197 9832
206534525 27208 9833
206890852 27221 9832
206916947 27228 9832
201551770 27257 9832
207359170 27266 9832
207321161 27286 9831
208327396 27294 9829
208426247 27296 9829
