0
0
20
0
0
9
1
1
1
1
0
5
0
1
1
0
0
0
1
1
0
1
0
1
0
1
1
1
1
10
0
0
1
1
1
0
1
1
1
1
0
1
0
1
1
0
1
3
15
11
0
6
120
0
1
1
0
1
1
8
0
1
0
1
0
10
1
1
1
0
0
10
0
1
1
1
1
1
0
1
3
5
2
11
0
11
6
7
1
0
0
10
1
9
1
0
10
18
18
0
0
11
10
1
6
0
0
1
7
1
0
1
0
1
0
6
0
20
1
1
7
1
0
1
9
9
1
0
9
1
5
0
1
1
0
1
1
0
1
0
9
1
1
1
0
1
0
0
25
1
1
1
1
1
8
0
0
0
9
1
0
0
0
9
1
1
0
10
0
1
19
0
0
0
0
1
1
1
0
0
0
0
1
35
0
1
0
18
0
1
0
0
26
0
11
0
0
0
1
1
1
0
0
1
5
0
0
1
0
0
0
0
0
1
0
1
1
0
30
0
0
9
0
1
1
5
0
0
0
0
19
2
1
0
1
0
7
1
0
0
1
1
1
0
1
0
0
0
9
0
1
3
0
1
0
0
1
1
0
1
0
1
8
1
0
0
0
0
5
1
1
0
0
4
1
0
46
1
0
0
1
0
1
1
0
0
1
1
0
0
0
0
0
0
0
1
0
0
4
0
1
0
1
0
48
0
1
0
48
43
0
1
0
20
1
2
0
1
0
1
1
1
7
0
1
0
20
0
1
20
46
0
1
1
9
1
1
