0
0
0
0
0
0
0
5
0
0
0
5
0
0
0
0
1
0
0
1
0
0
0
3
1
1
1
1
1
0
3
0
1
3
0
0
1
1
0
4
1
0
0
0
1
4
1
1
106
0
0
0
1
1
5
4
2
0
0
0
3
1
0
0
0
1
1
4
4
1
1
1
0
1
0
0
0
0
1
0
2
6
1
2
1
1
0
4
1
1
1
5
1
0
0
1
1
0
1
0
0
9
0
0
3
1
1
1
1
0
1
105
0
4
0
1
3
0
0
1
0
0
1
3
0
0
1
0
5
0
0
0
0
0
0
1
0
0
1
4
4
0
1
0
0
1
0
3
5
1
2
1
1
1
0
1
0
1
1
0
0
5
0
1
0
1
1
2
5
5
1
0
1
1
4
1
1
0
1
0
1
0
0
0
1
0
0
1
1
0
1
0
5
1
0
1
0
0
5
0
0
0
1
1
12
0
1
0
1
1
4
0
1
1
1
1
1
0
1
1
0
0
1
1
1
1
1
15
0
0
1
1
1
1
0
0
0
5
0
0
0
9
1
0
1
1
0
0
1
4
1
1
3
1
1
0
0
0
1
1
12
0
0
0
0
9
0
0
1
1
5
0
0
0
0
1
0
0
0
0
1
0
0
0
20
1
0
0
0
0
1
8
1
1
3
0
4
0
11
0
1
0
1
1
1
0
0
1
0
1
1
3
0
1
1
0
1
0
0
0
4
1
1
21
1
0
1
0
0
3
0
0
0
20
0
3
1
1
2
1
1
5
1
1
0
4
1
1
0
0
4
4
1
1
1
0
0
0
0
1
1
5
1
1
1
3
0
0
3
1
1
1
1
0
0
0
1
0
0
0
1
0
1
1
1
0
4
4
4
0
1
3
1
4
1
0
1
1
0
1
2
0
0
1
1
0
0
0
0
27
0
0
1
1
0
0
1
1
1
0
1
0
0
5
1
1
1
1
26
1
1
4
3
0
0
1
1
1
23
1
0
0
5
0
0
0
0
1
1
0
5
1
1
0
3
1
1
0
1
1
2
1
0
1
1
1
0
25
1
4
0
9
0
1
0
1
4
0
0
0
0
1
3
1
1
1
1
0
1
0
0
0
1
0
0
0
0
1
0
0
1
0
1
1
1
0
0
0
1
30
1
1
0
0
1
1
1
1
3
1
1
1
1
24
0
1
1
0
2
1
1
0
0
26
1
0
0
0
1
1
1
1
0
1
1
0
0
0
4
1
0
1
0
1
1
1
0
0
1
2
1
0
0
3
1
1
0
0
1
0
1
1
