0
0
1000
220
0
1001
0
0
1999
0
0
2999
1
1
1
2999
1
1
1
1
1
1
983
0
1
0
1
0
8792
0
1000
0
153
1
0
1
1
0
1
1
1
1
1
0
0
1
0
0
2000
1
1
1
0
1
1
999
202
0
845
1001
1
1
0
1
1
0
369
1
1
846
0
1
1
0
0
999
1745
1
1
0
1
147
749
0
2178
1
0
0
0
2217
1
0
0
1
0
0
0
1
0
1
1
0
660
1
0
0
1
1
378
1
1799
1
753
0
1
1
0
567
0
0
1
1
1
404
0
1
0
1
1000
1
0
1
1
0
1
1
999
1
0
1
0
999
496
0
0
1
1
0
3830
1
1
547
1
0
2000
0
1
1
844
0
692
1
1
1
394
0
0
3341
1
194
0
0
0
0
0
1
0
0
1
0
1
35
1
155
0
1
1
2855
1
1000
0
1
1
0
1
1
0
0
997
1000
1000
0
0
0
0
0
1
1
0
0
1
1
0
0
1
1
811
1
0
1
0
0
1
1
0
0
0
1
1
0
0
1
0
1
698
0
1
1
1
1
180
1
1
0
1000
1
0
1
0
1
1
1
1
0
1
5
999
0
2000
1
1
1
0
1
0
1
0
0
999
1
1
656
0
1
0
1
1
0
1
1
0
1998
999
0
1
1
1
1
259
0
5102
0
0
1000
0
0
0
2000
0
1
1
1
1
0
0
1
613
1
1000
0
1
999
1
1
0
0
1
1
1
1
1
0
1
1
0
1
0
1
1
862
1
0
928
0
1
409
1
0
4443
1000
0
999
1
0
0
0
999
1
1
1
0
1
417
0
0
0
0
1
1
0
1
108
1
1
1
13
0
1
0
0
0
1000
0
1
999
1
252
0
493
0
902
1
1
1
1
1
1
1
1
50
0
0
0
1998
1
1
1
1
1
0
0
1
1
0
0
0
1000
0
7142
0
0
0
753
0
1
1
0
0
1
1
1
6580
1
652
0
0
0
1
0
0
0
1
0
1
777
1
0
0
1998
1
1
0
0
1
0
0
0
1
0
1
689
534
0
1
1
1
1
1
1
1
1
394
306
1
1
0
0
0
1
0
1
0
1
219
1000
393
6108
0
1
999
1000
0
1
1
0
1
0
1000
1
0
1
1
1
287
1
0
62
0
906
1
1001
0
0
0
1
0
1
1
0
1
0
1
1
0
0
1
0
1
0
0
0
1
0
1998
1
1
0
1
1000
1
0
8393
0
0
0
0
1
0
0
1
1
1
0
0
1
1
0
215
0
1
0
0
0
1
0
1
0
1
0
999
0
1
1000
0
1
487
1
1
0
0
1
2000
0
1
1
1
0
1
0
685
1
0
1
319
1
1
1
0
1
1
368
999
0
999
1
1
1
820
0
1
1
0
0
1
1
0
0
1
0
0
0
0
1
999
0
0
0
474
1
0
0
1
1
1
0
1
999
9924
917
775
0
1
1
0
0
1
86
792
0
1
0
1
0
0
1
1
1
0
0
0
0
0
0
0
1
285
1
1
0
730
0
0
1999
288
1
0
2
1
0
1
1
492
999
0
696
0
0
1
0
0
1000
0
1000
0
1
126
1001
0
0
0
0
0
1
0
1
0
0
0
1
1
1
0
11288
1000
1
1
0
1
0
1
0
1
1
1
1
1
9701
1
1
1
0
0
0
0
0
1
0
1000
0
0
1999
0
1
0
0
913
0
1
0
0
0
1
0
999
1
661
872
1000
0
1000
274
0
747
0
0
1
0
478
8803
0
1
391
0
0
1
9423
0
1
0
0
367
1
219
0
0
1
645
0
0
1
0
1
517
0
1
0
0
0
1
0
1
0
1
0
1
1
1
0
1
1
0
787
1001
927
466
0
0
0
1
1
0
1000
0
0
1
1
0
1
1
1
1
1
1
0
1
891
0
50
1
1
150
0
1998
179
0
1
0
0
1
0
674
1000
22
0
1
367
1000
288
0
0
0
1
1
34
0
0
0
11653
1
0
1
0
0
248
1000
0
0
0
2000
0
1000
999
0
11570
1
0
1
0
1
0
900
1
1
0
718
1001
315
1
1
0
0
0
0
1
1
1
1
1
0
1
0
0
0
66
0
0
0
1
0
1
1
1
0
0
1
1
15
1
0
0
0
1
0
374
1001
0
0
0
0
0
1
0
0
1
1
1
1
1
897
1
0
337
999
0
0
11447
0
1
1
0
0
0
1
0
0
0
0
0
0
1
1
1
0
554
1
0
1
0
1
300
1
0
1
1
0
1
350
11176
1
1
0
1
1
1
1
1
11123
8756
1001
1000
0
750
0
1
0
1
1
0
0
0
0
1
139
0
1
165
0
0
987
66
10125
0
0
0
1
1
1
0
1
0
1
1
1
758
0
0
0
1
0
0
0
0
170
0
0
1
1
1
0
1
1
1
1
1
0
1
0
0
0
0
1
407
792
1
1
1
11171
0
0
1
0
0
0
0
0
1
0
1
0
1
1
1
894
1
1
0
942
1
1
187
1001
601
1
0
0
155
0
0
1
1000
1
1
1
0
1
1
0
1
268
0
1
1
0
1
1
9506
0
1
1
227
0
1
0
991
0
1
0
0
1
0
0
484
0
0
0
0
0
1
0
999
1
1
1
999
0
0
0
0
0
1
1
0
1
0
0
1
134
0
1001
1
1
1
0
0
0
1
1
1
0
0
1
1000
0
1
13357
1
0
1
1
1
537
0
0
0
1
1
618
0
104
534
606
1
1
0
0
0
0
1
1
955
1
1000
0
0
1
1
0
1
0
0
0
1
1
778
0
0
0
0
873
1
0
0
0
1
1
0
1
0
647
1
0
0
0
0
0
1
0
1
1
1
1
0
1
813
1
1
1
306
0
1000
0
1
0
1000
0
162
0
1
1999
0
1000
0
0
1
1
1
1
0
1
0
0
1
1
1
65
0
1
0
0
0
1
1
1
1
1
406
0
1
1
0
0
0
0
1
1
0
0
0
0
1
173
1
910
1
527
1
1
445
0
0
3001
646
1000
0
0
1
0
0
1
156
1
1
0
1
0
0
1
1
0
0
0
999
15239
1000
1
1000
0
1
111
1
1000
1
1
929
0
1000
1
1
1
0
1
0
1000
871
1
1
1
1
1000
1000
1
0
1
1
1
0
1
1
12836
0
999
0
14002
770
1
882
0
1
0
0
0
1
0
999
1
0
0
0
999
1
1
999
0
1000
1
1
849
1
0
0
0
277
0
1
1
1
999
0
763
1001
1
1000
1
0
0
1
997
0
1
0
13738
0
1
0
1
673
1
1
1000
0
1
77
0
236877
1000
0
0
0
2001
2001
0
1
1
0
0
0
1
0
1
1
1
0
1000
1
1
1
0
0
85
1000
0
0
1
30
1
1
1620
0
1
1
378
1
0
468
0
0
1314
1
1574
1
0
300
1
1
0
0
0
0
0
0
62
1
0
1
0
0
1
243
0
0
2998
1
0
1
0
1
0
824
1
0
0
936
0
1000
869
0
1
0
1
241
1
0
0
1
348
0
2830
669
0
0
0
0
0
0
1
0
0
1
1
1
0
1
0
1
749
1
1000
0
1
372
1
0
495
1
0
1000
1
0
0
1
18
0
1
1
0
1
484
0
1
1
1
0
1
0
1
1
237
0
0
1
329
0
0
0
0
0
0
1
0
1
1
1
1
1
0
1
0
1
1
551
1
0
362
1
1
0
0
0
1
0
990
0
1
0
0
1
0
1000
518
0
1
1
1
1
0
0
103
1
1
1
1
469
0
1000
0
1
1
0
0
0
1
1
0
0
1
1
0
1
460
0
1
0
1
1
0
1
1
1
1
0
1
126
0
1
1
1
1
1
1
0
16
1
0
1
791
0
491
1
982
0
0
471
0
0
0
1
1
1
326
0
0
9
683
1
1
1
594
1
1
0
0
1
1
1
518
1
0
0
1
0
1000
0
1
0
0
1
278
0
0
1
1
962
0
6498
1
1
338
0
1998
0
0
1
686
1
0
1
1000
0
1
1
977
0
863
1
1
803
0
0
0
1
378
823
0
0
0
1
0
1
0
1
0
1
1
606
0
0
1
1
0
0
1000
0
0
1000
0
1
1
1
0
1
1
1
0
999
0
0
0
1
1
1
0
0
0
0
0
1
0
0
0
1
0
1
0
0
1
912
1
0
244
192
1
1
0
0
0
1226
1
1226
1
1
0
1
1
1
0
1
0
1
1
1000
0
999
1
1
0
0
1
370
0
0
1
132
1000
316
1
1
0
0
999
1
0
0
1
1
1000
0
298
1
671
93
0
1000
0
9088
0
0
2999
1
1
0
0
1
0
0
9829
1001
123
1000
1000
0
1
1
0
1
0
1
1
0
1
8523
1
141
0
0
1
871
1
1000
0
1
1
884
0
767
0
0
1
711
0
0
6562
1
0
1
1
1
0
1
1
0
0
1
0
0
1
0
0
1
1
0
0
0
1
0
1
0
0
1
0
1
999
0
0
1
1
1
242
10109
1
350
1
0
769
1
1
1
61
370
1
1
0
0
1
1
0
0
1
1
0
789
0
1
0
999
1
0
0
0
0
1
9204
56
0
1
0
0
325
704
0
0
1
0
454
0
0
0
1
440
1
917
1
1
0
0
8324
1
1
0
1
1
384
0
1
0
266
1
1
13
1
0
0
1
0
1
1
1
1
248
0
1
0
1
1
902
0
0
1
0
1
0
0
0
0
1
0
0
0
1
999
0
0
999
0
0
906
0
0
999
10393
0
0
0
1
0
0
1
150
1
0
1
0
0
1
0
1
0
947
1
1
866
0
0
1
1
0
0
0
1
0
1000
0
1
0
1
1
0
0
1
876
1000
0
0
1
1
1
1
1
0
1
0
0
0
0
0
1
819
652
0
1
13
0
2001
1000
0
1
966
1
1
0
1
1
1
1
1
1
1
0
0
0
0
0
1
0
183
299
853
10050
0
1
1
10269
1
0
0
1
1001
999
0
0
0
1
0
0
0
0
0
0
0
1
11883
0
1
1
1000
0
0
0
0
0
1
1
1
0
0
1
63
0
11965
0
2000
846
1
0
1
0
0
0
1
662
0
1
1
359
0
1
1
0
1
0
1
0
1
0
1
2999
161
0
1
1
0
0
1
1
1
0
0
790
0
1
1
1
1
871
1
490
1
1
1
1
0
0
1999
1
588
247
1
0
1
0
1
1
1
0
1
0
0
0
1
1
665
1
206
0
195
9068
0
1
0
1000
0
1
10383
1
1
0
0
1
1
1
0
0
1
0
0
1
1
1
1
1
0
1
1
0
1
10836
1
0
0
1
1
1
812
150
0
1
1
999
999
558
0
0
1
6961
0
0
0
0
999
999
1
0
0
0
0
0
0
0
0
1000
0
0
0
0
1000
0
0
0
0
0
0
0
0
0
1
0
1
0
1
0
73
0
0
1
0
0
0
0
1
0
1
0
1
0
0
0
0
1
0
0
0
0
0
1
1
299
1
0
1
0
2000
2000
1
0
1
0
0
0
1
0
1
0
0
1912
0
721
1001
0
0
12318
0
0
0
0
1
0
0
1
277
0
1
1
10568
1
0
1
1
0
1
560
1
1
0
0
727
1
55
0
999
12239
0
0
1
0
893
1
1
298
1
0
1
1
1
0
1
0
656
1
781
1
0
937
0
0
1
1
0
999
0
0
0
1
0
1
263
0
1000
11161
0
1519
0
0
1
0
0
0
1
0
0
0
2998
1
2998
1
1
0
999
1
1
0
0
0
1
0
1
415
0
0
0
331
0
956
0
0
0
0
0
1
2000
0
1000
999
0
0
0
1
0
0
1999
1
773
1
358
0
1
0
1
11210
1
1
1
0
10888
0
1998
728
0
1
0
1
0
1
1
0
1
1
1
1
182
1
683
10484
1
1
1000
1
924
0
162
0
0
0
0
0
0
1
0
0
1
218
0
0
1
1
0
1
0
999
0
1
999
999
0
0
0
1
1
49
0
1
999
0
1
1
977
1
500
0
1
1
1
0
0
574
0
0
0
1
1
0
15
1000
0
0
1
948
1
1
1001
0
0
1
0
1
1000
0
0
1
1
1
1
1
1
1
0
58
520
0
1
517
0
1
1
1
0
0
1
143
999
1
0
1
0
194
0
1
0
522
0
1
232
0
0
0
0
0
911
0
1
0
999
0
0
1
1
0
0
1
1
79
0
0
0
1
910
1
0
1
1
1
1
1
0
0
1
0
1
1
53
1000
553
0
1
983
0
0
1
0
0
0
1000
1
0
1
0
1000
0
1000
0
0
0
0
877
0
0
0
1
1
0
1
1
0
1
0
0
15223
0
1
0
753
464
1000
0
0
1
1
1
0
1
1
0
726
1
0
0
1
0
993
0
1
1
0
14014
13428
0
12362
0
1
0
1
1
1
0
0
253
1001
0
347
999
1
1
1
0
0
1000
1
1
0
0
1
1
0
458
247
1
257
0
0
0
1
14017
0
557
999
0
0
662
0
1
1
0
1
1
0
0
0
0
1
1
1
869
0
0
0
1
0
1000
0
0
0
1
0
1
30
253
0
0
0
0
169
1
14427
0
1999
0
0
10736
0
2000
1
0
778
1
0
0
11689
1
0
1
1
0
12478
0
1000
0
1
0
0
0
0
0
999
1
1
1
1
1
1
464
12031
1
1
1
1
1
424
999
0
0
0
1
1
1
0
1
1
0
385
451
0
571
1
0
1
0
1
1
0
1
1
1
846
0
121
0
336
0
0
1
0
0
0
1
0
0
11407
0
1
0
11338
0
1998
1
0
0
0
0
1
0
10325
1
0
0
0
1
0
1
0
1
926
0
0
1
0
0
1
0
0
0
0
1
1
0
0
0
0
118
0
1
1
12876
1
0
0
0
833
0
0
0
1
1
0
0
0
1
0
1
0
1
0
0
1
1
1
1
0
1
1
0
1000
1
1
287
1
1
0
568
1001
1
1
0
13150
0
9990
1
1
0
999
1
999
0
51
46
0
1
1
1
1
0
0
1
0
999
398
0
1
684
0
1
0
0
999
17
958
0
1
1
9
0
1
1
12214
0
1
1
0
1
132
0
0
0
0
410
0
1
0
631
0
1
1
1
886
1000
0
1
999
1
0
1
140
1
0
39
0
622
0
1
1000
1
1
1
165
923
0
0
1
1
1
305
360
999
1
1
337
11206
928
1
1
0
0
0
1
1
1
1
1
1
1
9320
12154
1
0
1999
0
0
0
1
0
1
0
0
0
247
1001
1
1
1
0
1
1
216
0
1
0
999
0
0
1999
0
999
0
1
1
1
0
13282
11359
1
0
999
1
15
965
0
1
1
1001
1
1
0
1
0
0
0
1
1
0
0
348
1
0
1
10850
1001
999
1
1
1
472
1
1
1
0
0
1
1
1
0
0
0
0
1
1
0
0
0
0
1
1
0
1
450
1
0
11022
1000
1
1
1000
664
0
1
1
0
0
1
0
0
0
322
0
1
0
302
1
0
0
0
0
1
1
763
1
0
1
1
0
1
1
0
753
0
1
0
1
0
1
0
1
0
1
79
1001
1
190
0
0
0
1
457
11611
1001
363
527
1
1
0
0
0
0
0
0
740
1
0
0
1
295
1001
0
0
1000
1000
1
1
1
0
0
1
0
1
0
1
267
1000
0
317
1
0
487
822
0
1
109
1000
0
1
589
0
1
757
1
0
0
0
1
1
596
0
0
1001
1
0
0
1
0
0
1
0
0
1
245
0
1
0
0
1
0
376
0
562
1
1
1
1
0
889
1
1
0
0
0
0
1
1
152
0
0
0
0
0
176
0
0
1
1
117
492
0
0
0
1
453
1001
0
0
1
373
0
1
0
1
1
0
1001
0
0
1
15289
1
1
662
12613
0
0
0
0
2000
1
0
0
14313
1
1
1
131
0
0
418
0
999
90
1
1
0
0
12960
999
0
1
0
1
0
0
1
1
1
387
1
0
0
1
0
1
1
1
0
1
758
661
1
1
0
1
0
0
1
0
0
0
0
275
1
0
1
0
403
1000
0
0
121
498
1
1000
1
0
0
0
1
0
0
1000
1
0
999
0
0
820
0
1
126
1
0
8
1001
0
620
554
1
1
1
0
1
1
0
0
0
0
16
1
1
1
1
0
1
0
1
1999
1
188
1
0
1
1
1
64
1
0
14
1
0
0
0
1
1
1
1
14322
1
1000
0
0
1
0
785
521
1000
1
1
1
1
789
1000
0
1
2001
1
2001
0
1
0
999
0
1000
0
1
0
12796
1
1000
704
1000
1
0
1
0
1
0
993
1
11819
1
1
791
0
0
1
1
351
0
1000
0
1
1
0
1
1
1
0
0
0
0
0
1
1
415
1
1
0
0
0
1000
1
0
1
1
167
1
0
0
0
0
0
1
1
0
335
0
0
0
94
0
445
1001
14751
20
0
1
0
0
0
1
448
1
1000
0
999
1
1
924
1
999
1000
0
1
363
0
1
1
0
17
0
0
13281
1
0
0
0
1
0
1
171
0
13306
0
0
1
0
0
1
0
0
1
1001
1
1
0
13739
0
1
68
0
1
0
1
1
1
0
0
0
1
0
1
0
0
1
1
1001
1
0
1
1
817
1
0
1000
13070
1
400
1
378
0
0
1
1
0
1001
1
1
1
0
714
0
0
0
1998
1
0
1
1
1
0
718
0
1001
0
593
0
1
1
0
0
0
1
1
0
999
0
0
0
1
0
381
1
0
0
0
1
0
1
883
0
942
999
0
1
0
1
0
0
0
72
1
0
1
0
0
0
1150
0
687
0
0
0
3999
3999
0
0
0
1
89
0
0
0
1
0
1
618
1
1
1
521
0
0
731
1
340
0
1
1
1
669
0
1
999
0
0
0
1
0
0
0
1
0
1
1
503
0
765
0
1
0
0
1
1
1
0
1
0
1
0
0
703
0
625
1000
0
373
1
219
0
0
1
1
1
0
1
458
999
1
0
0
0
0
1
0
463
0
1
1
1
1
1
1
892
0
1
1
1
409
1
0
0
0
15322
0
0
1
0
0
0
1
999
0
1
1
22
0
1
0
1
0
1
1
0
1
1
415
1
0
0
0
0
1
17002
0
2000
13
0
623
1
0
0
77
1
0
1000
154
0
1
154
1000
0
0
0
999
999
0
0
1000
1
1
0
999
0
0
0
0
1
0
0
256
0
0
0
1
831
0
1
1
1000
0
1
0
0
1000
1000
0
1
0
1
761
1000
1000
1
1
139
0
611
16420
0
16732
1
0
1
0
0
384
1
688
0
13262
171
601
1
1
1
0
0
1
1
1
1
1
1
0
1
1001
1
1
0
249
770
1000
1
629
1
11944
1000
0
0
0
1
1
0
1
0
1
0
1
952
1
0
0
0
0
0
0
27
1
1
1
0
0
1
1
0
0
1
0
1
1
426
1
0
0
0
1
0
1
257
999
0
0
0
0
1
0
1
0
0
1
804
0
0
349
1
0
0
302
16805
999
0
1000
0
0
999
1
1
0
0
0
10
1
1
1
0
0
1000
0
0
1
216
0
1
964
1
0
1
0
0
1000
356
0
0
58
1001
1
0
0
0
999
12
0
0
0
0
0
1
0
0
1
0
0
15341
0
0
556
1000
0
16180
0
12332
0
1
1
1001
0
0
1
0
0
1
1
0
1
1
1
1
14078
0
0
0
0
0
0
1
999
113
1
1
846
755
0
1
1
0
1
1
1
12906
0
532
1
872
0
1
1
1
1
1
0
1
0
1
1
949
999
858
0
985
1
0
1
1
0
1
1
0
0
1
148
1
1
1
0
1
1000
0
1
1
1
0
1
340
1
1000
1
1
0
37
0
0
0
1
1
0
0
1
1
0
1
0
0
1
1
0
0
1
0
0
862
0
955
1000
0
0
0
15248
0
1
0
1
0
0
1
1
1
13148
0
1
107
0
1000
1
1000
1
785
275
1
0
1
575
1
1
0
0
12191
1
0
1000
0
1000
0
1
0
0
0
0
0
598
1
1
1
102
0
1000
0
0
0
1
0
1
887
1
0
13643
1
1001
1
39
0
1
0
0
0
0
0
0
0
0
1
0
0
13102
1
0
1
0
1
0
0
0
0
0
1
1
0
0
999
0
0
999
13537
407
0
1
0
273
0
1
1
11439
1
946
0
0
0
1
423
0
1
1
1
363
0
0
0
0
0
0
1
0
1
1
0
0
0
400
490
1
1001
0
1
1
0
1
861
1
507
1
1
1
0
999
1
1
322
0
12225
0
1
0
1
48
0
0
1
1
0
1
1
815
1000
1000
1
0
15
0
1
1
0
0
0
0
1
13724
1
1
691
1000
0
0
0
1
0
1
1
0
880
0
1001
1
0
1
0
1
1
10568
1
1
0
0
0
1
1
894
1
20
0
262
1
1
1
0
1
423
0
1
1
1
1
1
315
1
0
1
1
0
1
664
1
0
1
0
473
1001
1
1
386
0
0
1
0
0
1
1
0
0
632
0
1
1
0
1
1
0
0
576
1
1
0
1
1
0
198
1
0
0
1
0
1000
1
0
1
683
1
0
0
0
0
1
0
0
0
1
0
609
1
0
863
1
0
0
0
1
298
0
0
1999
1
0
0
1
0
0
899
0
1
53
1
313
13192
1
1
1
0
0
1
0
1
601
1
0
0
1
30
0
0
1
0
0
0
0
0
1
1
1
1
0
1
1
0
1
1
0
0
0
0
1
1
1
1
0
160
0
0
0
0
999
1
1
1
0
1000
0
734
1
1
1
62
1
1
1
0
1
0
1
0
1
1
0
0
1
120
999
0
0
1
942
601
0
0
1
0
1
1
469
0
1000
62
1
1000
1
0
1
896
0
1
347
0
1
1
1
0
12554
0
1
0
0
113
607
1
0
0
0
0
0
1
0
1
0
0
1
0
1
1
1
1
1
916
1
1
0
13907
0
0
0
7
0
0
1
364
0
1
1000
0
0
0
544
0
0
0
0
1
1
239
1
0
0
1
0
1
903
0
0
999
0
1
0
1
0
999
1000
0
0
0
0
1
0
0
1
1
0
1
0
17748
1
1
0
0
999
0
1
771
1
1001
0
174
1
1
339
999
14919
1000
1
0
1
1
1
1
186
0
1
0
1
99
0
1001
1
1
0
0
0
0
1
0
563
1
0
0
0
0
1
1
1
0
0
0
1
542
0
0
0
0
0
1
1000
1
1
999
623
0
0
0
1
0
1
1
17172
0
1
1
1
1
1
1
919
0
0
1
14599
14040
1
999
1
0
0
1000
0
250
1
0
0
1
1
0
999
1
0
1
1
1
0
0
746
0
274
0
0
1
0
0
0
0
1
0
1
1
0
1
1
0
0
1
1999
1
0
708
1
0
0
0
1
0
0
1
0
0
1999
1
1
1
1
1
1
0
0
0
1
929
0
1
1
1
1
1
1
734
1
217
1
0
999
0
1
389
1
0
1
0
0
1
1
143
1001
684
1
1
1
0
0
0
0
0
0
14529
1
14583
1
0
0
0
0
0
0
0
0
0
0
0
1
0
0
1
1
1
0
835
0
1
0
0
1
1001
1
1001
1000
0
1
0
1
1
1
1
1
1
0
1
1
0
999
1
1
0
1
0
17030
1
115
1000
84
1
1
13443
1
1
1
0
1
667
840
1
0
0
999
10870
0
0
0
1
0
921
1
0
0
0
1
0
1
1
0
0
13954
0
0
1
0
0
1
899
0
0
1
425
0
673
0
1
0
1
0
0
0
994
0
0
0
1
729
1
0
1
0
0
0
1
0
1
508
0
0
0
1998
0
401
0
1
1
1
1
353
0
0
1
0
1
0
834
1
0
0
0
0
1
1
1
0
1
0
1
0
0
1
1
1
0
549
1
1
396
0
1
8
1
1
1
1
0
0
1
1
492
1
1
1
0
1000
1
137
0
1
0
225
0
0
0
0
1
0
1
1
621
0
0
0
0
1
245
0
0
0
424
1
0
0
1
250
1
1
649
1
0
0
1000
0
0
0
0
0
1
0
0
1
0
1
1999
209
0
0
0
0
0
0
1
1
0
17231
0
0
0
111
1
0
1000
0
1
1
1
1
0
0
793
0
1
0
1
386
1
1
292
0
1
999
1
0
0
1
0
0
0
1
1
265
1
0
0
0
0
1
1
0
0
1
518
1
1
0
0
0
0
0
0
0
1000
1
0
0
1
835
1
15899
849
14159
0
1000
148
1
1
185
0
15733
1
14989
1
1
545
0
0
0
0
0
0
1
0
0
1
1000
0
1
372
0
0
0
574
1000
0
878
0
0
1
98
1
36
1
1
0
1
1
1
969
1000
0
1
0
0
1
1
0
0
868
1
0
1
0
0
0
1
2000
1
1
0
0
0
0
934
1
1
0
15437
0
1
0
1
0
1000
710
465
1
1
0
1
0
0
112
0
0
0
0
1
0
1000
0
0
0
0
0
1
1
0
1000
1
1
0
0
1
1
1
754
0
288
1
222
0
1
0
0
1000
1
0
1000
0
0
334
0
0
1
1
0
0
0
1
0
0
0
0
1
1
1
1
0
1
0
1
0
124
1
1
17570
0
0
0
0
16854
1
0
0
0
1000
1
0
2000
0
13409
0
129
1
0
13246
0
0
1
1
0
0
1
1
0
1
1
1
0
1
1
0
730
0
0
1
0
627
0
1
0
1
0
0
1
1
841
1
0
1
0
0
1998
0
0
73
0
1
0
1
917
0
1
0
225
0
1
0
0
1
0
223
0
0
1
1
1
0
1
1000
999
1
0
1
202
1000
1000
297
1
1
1
0
0
1
0
0
16532
1001
0
0
1
0
0
0
0
1
1
0
1
1
0
420
1001
1
1
1
1
0
1
0
15422
0
1
861
1
1
518
0
2000
0
1
0
0
237
0
0
0
1
1
0
0
1
685
1
1001
0
999
1
0
0
1
0
0
1
0
0
0
1
0
1
0
0
672
15812
1000
0
1
0
1000
0
1
1
390
1
0
1
1
0
1
999
0
0
0
0
0
0
1
527
0
0
0
0
0
513
0
1
0
0
0
0
999
1
0
17525
1
212
1
710
0
0
1
2000
1
0
1
0
59
0
1
1
0
0
1
15198
300
1
1
1
771
0
0
0
0
1
1
0
1
0
1
1
1
0
254
1
0
0
13206
0
1
1
1
1
1
0
0
1
750
1
0
1
875
1
1
0
1
0
0
0
0
999
0
1
603
0
0
14146
0
0
0
0
999
0
230
325
0
790
1
0
0
0
3000
13235
0
999
1
1
0
554
0
1
0
0
0
0
1
1
0
0
0
1
0
0
0
1000
1
658
793
0
1999
0
0
0
1000
103
0
1
0
0
0
0
0
0
1
1
0
1
0
869
1
1
1
1
1
1
1
0
1
0
1
1
1
1
1
1
1
695
1
1000
1
0
0
1
107
1
0
1000
71
1
0
1
1
1
0
999
999
0
1
629
1
1
996
1001
1
0
1
0
1
1
378
1
1
747
0
948
1
0
0
1
1000
1
260
0
1
0
0
1
1
0
1
0
34
0
1
1
771
0
0
15391
0
0
999
999
0
0
21
0
250
1000
1
1
1
1
1
238
1
0
853
1
0
1
1
1
227
0
0
1
0
0
1
1
0
1
0
913
0
1
1
1
0
0
1
1
1
0
1
0
1
0
1
1
191
15583
1
0
1
1
64
1
0
1
1
999
1999
0
0
1
1
1
1
995
1
999
0
0
0
0
1
1
1
0
0
1
1
1
1
0
33
0
0
1
1
719
0
1000
1
1
0
0
0
0
0
1
0
1
1
0
1
1
0
0
1
0
0
1
0
0
0
999
1
1
903
518
1
1
1
26
1
1
899
0
0
0
0
1999
1998
1
1
999
1
0
0
16797
0
1
0
0
1
1
0
1000
397
1
0
0
0
0
1
0
0
0
1
774
1
1
1
597
1001
1001
1
0
242
1001
0
0
878
1
0
0
0
1
0
152
1001
15881
999
1000
0
999
0
0
0
0
0
0
1
0
1
0
1
1
1
0
1
0
1
1
3
1
0
1
17556
1
13437
1
0
0
1
1
0
1
592
1
0
2000
592
357
1001
1
1
745
764
0
1
0
19
0
1
0
0
1
0
0
1
0
0
1
1
0
1
0
1
1
766
0
0
0
1
1
0
0
813
0
0
0
1
1
1
274
0
0
1
50
0
0
1
1
0
0
1
1
0
0
0
0
16
0
1
1
0
1
1
517
0
347
0
0
773
1
773
644
0
822
0
1
0
0
0
0
0
1
0
1
1
0
0
1
0
0
1
0
1
0
1
1
1
328
16495
0
1
1
0
1
926
0
1
0
1
167
1
16412
1
1
1
905
1
14162
1
1
0
0
1
1
1
0
0
0
0
0
1000
1
0
1000
0
1
191
0
0
0
1
0
1
500
342
0
1000
1000
0
1
1998
1
999
1
0
1
1
1
1
1
887
1
0
1
0
0
1
0
1
1
1
1
739
0
1
0
0
0
235
0
1
1
36
1
1
0
1
1
0
259
1
1
1
1
1
0
0
0
1
0
0
2000
0
0
0
0
1
665
963
1
1
1
0
1
1
0
1000
0
602
1
119
0
1
1
0
275
0
1
0
0
0
1
1
0
1
1
1
48
0
0
0
1
299
0
1
525
0
1
470
0
0
1
999
1
0
0
0
1
1
122
1001
0
1
0
1
1
1
0
999
1
0
332
1
0
1999
19089
1
1
1001
0
17958
0
162
1
895
1
0
0
927
1
1
0
0
0
1
0
1
0
0
0
1
1
1
252
1
1
0
0
1
0
0
0
900
0
436
1
1000
1
60
229
141
1
1
0
1
1
0
0
1
0
0
1
0
655
1001
1000
1
971
0
0
1
0
0
0
1
1
0
0
0
999
999
0
201
1000
1
0
1
0
234
0
862
0
1
38
1
786
648
1
0
1
1000
1
0
0
0
0
1
1
1
2000
1
800
0
1
95
0
0
18022
1
123
0
53
1
1
1
1
0
1
490
1
999
932
0
999
1
1
489
405
1001
1
0
1
0
595
1
91
1
249
1
1
121
592
0
1
0
0
0
436
1
0
0
1
1
291
1000
1
0
187
1
1000
0
1
665
0
0
0
17790
1
1
0
1
0
1
999
1
1
492
0
1
0
1
0
0
1
0
1
0
1000
