0
0
0
0
166
297
0
440
0
0
1
1
1
176
500
0
0
1
1
0
0
1
1
327
156
499
0
1
1
1
0
1
0
1
0
1
1
0
0
0
1
0
0
1
749
0
7694
500
0
1
0
1
0
1
1
396
0
749
1
1
0
1
0
1
140
213
444
0
1
1
1
0
0
1
1
0
500
500
0
0
1
1
1
1
0
501
0
44
1
1
0
226
72
166
1
368
1
1
435
0
499
999
0
1
0
1
1
1
0
0
0
1
0
1
1
1
0
1
1
0
1
0
1
0
1
0
0
1
1000
0
1
1
1
1
1
1
0
0
399
1
0
1
1
0
191
1
117
60
0
0
0
0
1
0
183
1
1
0
180
0
1
0
0
1
1
1
1
260
500
500
0
1
1
0
499
1
1
1
0
224
245
1
1
0
1
1498
0
0
1
0
0
1
1
1
0
0
0
0
1
1582
330
1
263
1
1
1
0
139
499
0
0
0
0
0
1499
1
0
1000
238
1
0
493
1
0
500
1
1
1
500
0
1276
296
0
1
500
1
0
0
499
0
0
0
0
24
0
2198
0
1
0
0
0
1
0
0
0
0
1
0
0
499
0
1
1
415
0
1
1
1
1
1
413
1
0
0
0
1
1
1576
0
1
500
1
0
244
0
1
1
0
0
1
0
1
1
0
0
195
1
0
0
1
0
1
5
1
501
0
368
0
120
1
1
210
0
1001
0
0
1
0
85
1
1
1
1
0
1
1
40404
499
499
499
0
1
0
0
1
0
0
1
0
1
1
164
0
252
0
0
1
53
1
745
0
1
1
0
501
736
0
500
0
0
0
241
0
1
0
0
1
0
1
287
21
423
500
1
314
0
1
0
0
1
1
1064
0
62
0
87
0
0
0
0
1
1
492
1
501
0
31
1
1
0
740
0
0
61
0
0
0
0
45
501
0
1
1
201
0
998
0
0
0
0
1
1
1
0
0
1
1
0
1
1
1
0
0
1
0
419
0
1
1
51
0
0
0
499
1
0
0
0
0
1
1
1
0
501
0
0
0
0
0
1
1
240
1
0
1
0
209
0
0
2095
1
1
0
0
0
463
202
144
1
1
1
303
0
500
1
0
500
0
1
0
149
0
293
0
124
501
1
499
59
40
500
0
1
1
1
1
0
0
1
0
1
1
0
500
0
0
450
0
0
426
17
311
1
0
1
0
1713
500
1
1
0
1
0
0
0
500
0
0
1
0
0
1
1
0
228
1
1
1
0
0
34
1
0
1
0
0
500
0
0
0
1
74
0
0
1
0
1
483
1
0
134
1
0
0
1
2238
0
723
1
2814
1
500
1
0
1000
0
0
0
1
0
1
0
267
1
1
1
1
242
0
1
499
0
0
0
1
1
1
0
0
0
0
1
0
0
0
0
0
137
455
22
0
111
0
104
241
1
0
0
1
0
0
1
499
0
0
1
1
1
0
11
0
1
1
1
367
1
1
1
1
0
1
1
1
1
401
0
1
0
501
186
0
1
1
0
0
1
0
115
500
500
0
0
37
0
1
0
0
1
1
1
34
0
440
1
186
1
0
0
1
108
1
0
1
1
0
0
1
1
228
1
1
0
1
0
0
0
74
0
499
1
1
0
0
1
0
0
0
1
0
17
0
0
0
1
271
1
500
0
499
0
1
0
1
1
1
0
1
269
183
0
1
1
1
1
1
0
4271
0
999
1
0
0
1
1
144
0
0
0
398
1
399
1
0
1
1
1
1
1
1
0
0
0
1
0
1
1
999
0
999
0
0
1
0
0
0
1
0
0
0
0
5457
0
1
1
1
470
0
138
1
0
1
1
0
0
1
1
0
0
1
1
721
1
0
1
0
0
0
0
1
1
0
0
1
355
0
0
0
1
0
0
0
0
1
0
1
0
1
257
1
1
1
0
499
1
1
37
0
0
0
0
0
1
1
1
0
0
1
0
0
1
34
0
0
1
1
119
0
1
0
1
0
0
0
1
0
1
1
1
79
0
0
1
0
0
1
0
500
0
0
0
0
499
52
0
0
1
1
0
0
0
1
5623
1
5496
1
1
1
456
1
0
128
1
1
0
0
482
1
500
0
0
0
0
0
293
1
1
0
1
1
0
1
0
0
1
1
235
1
1
1
107
0
1
0
488
115
1
0
191
1
0
500
384
0
0
0
1
0
1
0
1
0
214
500
0
499
21
1
405
499
0
1
1
1
1
0
0
1
1
5701
0
1
1
0
0
0
1
1
0
0
0
0
0
0
1
100
1
1
118
1
0
0
0
0
0
0
319
0
1
1
1
1
0
0
0
1
0
1
494
1
0
0
1
0
1
999
0
1
1
1
1
5847
0
999
0
1
1
1
110
1
0
1
999
0
0
1
0
500
500
1
1
1
1
0
1
0
1
1
453
0
1
0
424
0
1
343
3
0
1
247
1
1
406
1
1
1
0
1
0
1
1
0
0
1
0
1
0
0
0
0
1
0
0
6427
0
0
0
1
421
0
0
0
1
4524
165
0
1
0
500
0
0
0
0
1
1
5181
0
0
1
44
0
499
0
0
1
0
999
0
0
998
0
0
1
1
0
1
0
0
499
498
1
1
1
1
1
0
1
48
0
245
339
1
1
500
1
1
5407
0
1
311
0
0
1
0
0
1
0
500
1
0
184
0
0
0
0
0
500
440
0
0
1
1
1
1
1
0
0
0
0
381
0
1
0
0
499
1
1
0
499
499
0
0
0
0
0
0
1
1
1
0
1
1
0
0
1
0
421
0
465
0
499
1
1
1
1
1
0
0
6406
246
1
1
0
1
500
0
1
1
359
501
499
1
288
0
499
0
998
0
1
82
1
1
210
501
1
0
312
1
0
0
1
0
0
1
1
21
1
0
0
0
1
1
0
0
0
500
1
0
1
1
436
1
499
1
0
0
1
0
290
0
0
1
1
1
194
0
1
1
0
1
0
0
1
12
1
0
0
499
0
0
0
1
0
500
0
1
6355
6
1
0
0
0
1
1
0
0
1
0
1
7284
0
0
1
499
1
1
206
1
1
173
0
367
0
0
13
0
500
0
0
204
0
0
1
69
0
0
408
0
1
137
1
1
0
0
0
500
1
0
1
156
1
0
1
0
0
1
462
0
0
0
0
130
1
0
1
0
1
1
1
1
1
0
328
499
0
1
1
0
0
501
1
500
1
0
1
0
0
1
0
0
162
43
0
1
1
0
0
0
1
1
8050
0
1
0
0
494
1
1
1
1
1
1
489
1
1
1
90
1
1
0
0
0
0
1
1
0
0
0
0
0
0
6508
1
0
4
0
0
1
1
0
1
298
0
0
0
0
1
1
1
1
0
0
1
1
0
0
0
0
171
0
0
0
0
0
1
0
1
1
0
0
0
0
1
0
1
1
0
1
0
1
0
1
1
1
1
0
499
0
0
131
0
0
0
0
0
1
1
0
1
0
0
0
1
0
0
0
1
999
499
465
351
0
1
0
0
216
0
0
0
7882
0
1
0
436
1
0
0
256
1
0
499
0
1
24
1
0
0
0
1
1
1
467
0
0
0
1
0
1
0
0
1
1
1
0
1
0
1000
336
500
496
0
0
1
0
1
366
0
0
0
499
0
499
0
0
0
1
0
0
0
0
0
1
0
0
0
0
1
101
1
431
1
1
8205
0
0
0
1
7456
1
1
0
0
1
500
0
1
1
15
0
0
0
0
0
0
0
0
0
0
0
1
1
1
0
466
0
125
0
499
1
0
1
463
501
1
0
1
1
0
7505
258
1
1
1
1
225
1
0
1
0
1
96
0
0
1
1
0
6844
0
0
1
20
252
1
1
0
479
1
0
1
0
0
0
32
501
500
41
1
1
0
403
0
0
0
0
7668
501
1
1
1
1
1
1
60
0
1
0
0
1
0
0
1
8522
0
0
0
0
1
194
0
1
1
0
0
305
1
1
0
0
483
6787
0
321
221
1
1
1
0
0
0
0
0
1
1
1
1
0
0
0
1
0
433
0
0
0
0
191
500
0
0
1
0
0
0
0
1
1
1
499
1
1
137
0
1
1
0
1
0
0
487
0
1
97
501
0
0
0
0
0
1
0
500
0
1
0
1
0
0
0
1
0
33
0
0
0
1
1
1
1
0
1
1
1
1
0
0
0
196
8
0
0
499
0
998
1
1
998
1
1
1
0
332
1
8675
0
1
0
0
0
1
1
1
7608
501
7022
1
1
14
1
1
1
0
499
1
0
0
251
6894
0
0
0
0
13
501
1
0
0
1
1
0
0
0
1
1
1
369
1
1
0
1
1
0
0
1000
0
1
96
0
59
0
0
1
0
1
1
0
1
1
1
1
212
0
0
0
1
1
0
381
1
0
7152
0
0
0
1
1
1
0
0
499
1
500
1
1
0
1
1
0
0
0
193
0
405
0
1
1
1
263
1
1
0
0
1
1
0
1
0
0
0
0
371
0
1
1001
1
231
323
6721
0
0
78
1
1
364
0
0
217
335
461
0
500
0
0
0
0
0
499
1
0
1
0
1
1
0
499
1
1
1
0
1
1
132
0
0
1
1
1
0
1
0
1
1
1
1
0
1
0
1
0
0
0
168
0
0
1
1
0
1
8010
0
0
0
0
1
0
1
7113
0
499
0
0
1
1
1
1
1
0
1
0
0
0
0
0
1
0
1
499
0
0
380
0
0
8
0
1
0
23
0
0
1
0
457
0
1
0
471
1
0
187
0
1
1
1
1
470
0
1
481
1
1
0
118
0
360
1
1
1
0
499
0
95
1
1
6719
1
0
0
0
0
1
0
88
0
1
0
1
1
0
1
0
500
291
1
1
266
0
1
118
0
304
0
1
0
0
0
0
1
981
500
0
0
1
7831
501
501
1
1
1
1
0
0
1
1
1
1
0
500
500
1
0
0
0
1
1
1
111
488
1
0
1
283
270
0
1
0
0
292
0
0
0
0
5
0
1
1
466
0
1
1
0
1
1
1
323
7210
0
0
0
0
1
0
0
1
1
6640
249
0
1
1
0
0
0
0
1
0
0
0
0
0
0
1
0
0
0
0
0
0
1
19
1
1
194
0
500
0
0
0
0
1
0
500
1
0
1
1
0
444
8135
148
0
1
1
0
0
1
189
501
1
0
0
1
1
1
212
0
1
0
1
0
0
0
1
1
0
1
0
1
1
45
0
0
0
0
0
1
0
1
1
1
1
190
0
1
8634
1
0
0
50
499
0
1
1
1
20
1
501
500
1
1
1
0
7553
0
0
1
1
1
1
0
1
0
1
1
230
0
0
0
0
0
1
1
371
499
0
0
0
0
0
1
1
0
0
26
1
0
0
0
1
0
1
0
0
0
0
438
1
7577
0
7393
1
1
1
263
434
0
440
0
0
0
1
0
0
0
1
1
500
1
0
6327
0
1
1
1
440
0
1
405
0
1
1
0
411
1
1
0
499
1
0
1
1
1
415
1
97
1
0
0
499
0
494
0
398
1
0
500
0
0
0
0
57
0
498
0
499
0
0
0
0
0
0
0
0
1
0
1
271
0
0
0
0
1
0
1
500
0
304
0
0
1
1
0
0
0
0
7875
118
0
0
0
1
350
0
1
0
432
1
0
1
0
0
1
1
1
0
0
0
1
1
1
24
1
0
0
1
1
1
0
1
235
0
1
1
32
161
0
999
500
0
0
1
0
1
0
0
1
0
1
1
501
1
1
1
0
1
1
36
0
1
500
1
0
8509
1
1
1
1
0
1
1
409
1
1
1
501
0
0
1
447
0
1
0
0
1
1
0
71
499
1
0
1
500
12
501
1
0
500
1
1
0
1
0
499
1
0
1
8010
0
1
150
0
0
1
1
0
0
1
1
0
1
0
0
1
1
1
1
454
0
5
0
1
1
0
0
0
0
0
1
391
0
1
0
1
0
314
1
231
0
0
0
1
0
0
86
1
318
0
261
1
1
7447
1
1
0
1
1
0
0
0
1
1
405
1
7480
1
1
0
499
0
1
403
0
1
501
0
6914
1
0
1
0
1
449
0
0
0
1
1
1
0
0
0
140
1
18
1
0
0
1
293
1
366
1
0
6841
499
1
1
449
0
387
1
0
0
0
0
0
1
0
306
1
0
499
0
0
65
6090
500
0
499
0
0
1
314
0
0
0
1
0
0
1
290
1
1
1
297
1
0
1
0
0
0
1
0
0
420
1
1
1
0
0
277
0
0
1
0
500
7327
0
1
0
1
0
0
1
0
0
500
0
1
0
0
1
99
1
0
1
1
0
294
0
1
1
0
1
1
500
0
496
499
1
1
0
1
1
1
1
1
58
0
0
183
0
0
246
0
0
0
0
0
1
201
0
0
0
208
7034
499
1
0
1
1
1
0
241
0
1
0
166
0
0
0
7432
120
0
0
1
1
1
82
499
317
1
1
1
0
1
1
0
0
1
0
1
0
0
1
363
1
1
412
501
1
0
1
0
7379
0
1
0
0
0
1
1
0
1
1
1
0
0
1
0
0
341
421
1
1
0
1
0
0
0
0
1
1
0
0
0
0
1
0
0
1
0
0
0
74
0
0
189
110
0
7778
0
1
0
0
1
60
1
1
0
500
1
0
0
1
1
1
53
6786
0
0
0
165
300
1
0
444
0
6186
0
317
0
0
998
1
357
0
1
0
0
1
1
465
1
1
0
0
1
342
0
0
0
0
0
1
0
1
499
67
164
1
1
1
172
1
1
1
1
1
1
1
85
7278
500
0
412
0
1
1
0
500
1
1
0
167
1
0
0
5353
1
0
267
501
395
1
0
1
1
6093
0
1
1
0
0
0
299
1
1
501
0
499
1
1
0
1
0
500
0
1
1
0
12
0
0
1
44
0
1
1
0
1
1
249
0
0
0
262
1
0
499
1
0
1
0
0
0
0
1
1
1
0
0
0
1
1
235
0
0
1
1
0
0
36
0
0
7781
1
1
0
6783
0
0
0
1
1
0
457
0
0
1
5900
0
499
499
0
0
0
1
0
0
0
1
0
0
0
0
0
0
0
0
0
133
1
1
0
0
0
499
0
499
1
1
0
1
220
1
1
1
0
1
0
0
0
0
7778
292
500
1
0
1
1
1
0
0
1
0
0
54
1
0
0
1
97
0
1
354
0
1
1
0
0
0
1
0
0
1
1
0
0
1
0
1
283
1
302
302
1
1
1
0
471
345
0
501
0
6400
0
0
0
0
0
0
1
0
0
0
1
6556
1
1
0
0
1
0
1
1
0
0
0
0
1
0
1
0
1
1
0
0
1
1
1
0
1
1
1
0
0
0
0
1
1
0
1
1
1
1
0
501
0
0
1
500
0
0
0
0
0
0
0
0
608
1
0
1
0
0
0
0
1
331
26
501
1
1
1
288
0
0
1
499
1
1
1
0
0
0
1
1
0
1
1
1
1
1
1
1
1
0
1
1
1
7533
39
1
500
0
0
0
0
500
1
1
0
1
0
0
0
1
1
0
1
0
0
1
1
0
0
501
1
0
433
349
0
1
470
1
0
0
0
0
1
1
0
189
0
0
0
1
1
0
369
7345
0
1
1
0
1
0
159
0
1
1
0
189
0
0
0
1
0
1
1
1
1
0
0
0
0
1
1000
0
289
499
214
1
0
1
0
1
0
1
0
0
385
0
0
0
0
500
0
0
0
0
0
153
0
0
1
1
0
0
0
0
0
0
1
350
0
0
1
0
0
0
1
1
1
1
1
1
0
0
0
200
1
1
501
501
1
422
0
294
0
1
1
357
0
1
0
1
0
1
0
0
500
1
0
1
0
1
376
1
1
23
1
1
0
1
0
262
0
0
0
1
1
0
0
0
0
0
0
0
1
0
0
1
401
1
0
1
298
1
176
0
0
0
1
0
1
1
1
0
1
0
0
1
0
500
0
9077
0
500
1
0
0
0
0
0
1
0
1
0
1
1
241
409
0
0
0
1
206
0
1
1
1
0
0
1
1
0
5
1
1
1
0
1
1
0
0
1
1
1
1
0
0
171
0
0
0
0
1
0
0
1
1
1
85
1
310
1
0
1
1
0
0
205
0
0
1
1
0
1
1
0
1
1
111
1
0
1
1
1
380
0
0
0
0
1
0
0
0
1
218
0
1
0
0
1
0
0
1500
0
27
179
1
184
0
0
0
1
0
0
0
0
9300
1
0
0
121
0
1
0
0
8776
0
1
114
1
1
0
1
0
0
97
0
195
1
0
1
1
0
0
133
1
1
1
0
0
1
1
0
1
1
0
0
0
0
0
0
0
483
125
500
233
0
0
0
0
0
1
59
8897
0
295
501
501
370
0
0
1
0
1
78
1
0
1
396
0
1
0
1
0
1
0
1
0
1
96
1
0
499
0
0
1
137
1
0
499
1
0
0
0
0
107
390
0
0
0
1
1
0
0
1000
1
1
0
1
0
253
1
0
0
0
0
0
0
1
1
1
0
0
1
0
499
1
127
1
1
0
500
0
1
1
1
0
1
0
1
0
1000
1
0
1
1
398
1
0
500
0
0
0
0
1
1
1
0
132
0
0
0
0
0
0
0
1
21
1
1
1
0
0
501
0
0
0
1
1
1
0
0
1
0
0
499
1
0
1
1
1
0
499
0
0
1
1
1
175
0
370
0
1
0
1
1
1
19
1
1
282
10722
499
0
1
1
1
1
1
261
1
1
1
1
0
0
9954
501
1
1
1
9500
1
0
0
51
1
0
454
1
419
0
0
0
0
387
1
1
248
0
42
1
1
1
1
1
0
0
0
0
0
0
0
1998
0
0
8987
1
8562
0
250
0
1
225
1
1
0
1
437
0
0
0
1
1
78
0
1
0
1
1
1
0
1
0
0
67
1
0
1
499
1
1
306
0
1
1
1
0
137
0
500
1
0
8944
0
0
0
0
0
500
1
0
1
1
0
1
1
0
500
0
1
0
0
1
0
0
1
45
1
9108
0
1
1
1
0
150
1
0
1
1
497
1
1
0
0
1
1
63
1
501
1
7684
0
0
369
1
1
1
0
1
1
1
0
1
0
0
0
499
1
999
0
499
0
0
1
473
500
1
1
1
0
0
1
7555
0
0
1
1
0
0
388
1
0
0
1
1
0
0
1
0
229
500
0
0
1
1
0
0
490
1
331
0
1
273
501
1
1
451
455
0
1
1
1
1
1
1
1
448
116
0
499
1
1
0
500
1
0
1
1
500
1
140
1
1
6325
1
1
1
1
1
147
7914
500
1
1
1
501
0
0
0
307
0
0
1
380
1
1
137
7692
1
233
1
1
108
0
0
128
1
499
0
1
0
1
1
53
242
0
0
0
0
1
0
1
333
0
1
998
0
7819
0
436
0
0
0
0
1
1
1
12
500
0
0
0
1
0
0
295
0
1
0
7696
0
1
0
0
1
0
1
1
0
1
96
1
0
1
1
1
1
401
1
0
0
1
1
1
0
0
0
499
1
1
1
0
1
0
1
0
1
0
0
1
7772
0
500
0
0
0
1
0
0
0
0
164
0
71
1
0
0
500
0
1
0
1
0
7213
1
1
1
0
0
0
0
0
0
0
0
98
0
1
0
0
1
134
0
1
0
84
1
499
501
1
0
0
0
1
0
1
8079
1
0
1
499
499
0
0
1
0
0
499
1
0
0
0
475
1
1
206
0
33
1
0
1
0
1
1
1
1
0
0
1
0
1
0
0
0
15
1
1
7401
0
0
1
0
1
0
0
0
0
0
0
0
288
0
7598
1
1
1
1
0
1
0
0
0
1
500
41
1
1
0
0
1
73
500
1
1
1
209
1
499
0
0
0
0
1
0
7606
0
501
1
1
0
0
406
0
0
1
0
1
1
1
287
0
1
1
348
1
0
1
1
0
6681
0
0
0
1
1
0
0
1
1
0
0
0
0
0
0
0
1
1
267
346
0
346
0
1
1
1
1
0
0
0
1
0
0
0
0
128
246
0
7335
349
0
1
1
1
1
0
0
0
0
1
0
1
499
1
1
499
0
0
0
274
0
0
0
1
0
1
0
0
0
1
204
302
1
1
311
0
0
1
499
0
0
0
1
0
382
0
391
297
1
0
1
276
0
1
0
1
1
0
1
1
0
1
1
6518
142
0
1
1
1
0
0
232
1
1
1
501
1
1
1
7474
1
1
0
499
1
0
1
0
0
1
1
0
1
0
499
1
0
1
0
0
0
500
1
138
1
0
1
0
499
1
303
0
99
0
0
1
0
499
0
501
1
1
1
0
0
1
0
1
1
0
1
500
0
0
1
0
0
1
0
246
1
1
0
501
501
0
0
1
1000
499
0
1
500
0
118
49
0
1
1
301
56
0
247
1
501
1
1
1
1
1
0
1
1
0
1
0
1
499
0
1
1
1
92
501
1
1
0
1
1
1
1
0
0
0
1
0
1
1
0
0
500
1
417
1
1
1
407
0
316
0
500
0
1
191
1
199
0
0
0
1
1
0
1
0
1
1
8008
0
1
316
0
1
0
73
1
1
163
1
1
430
0
1
1
0
1
0
212
299
379
0
1
0
0
0
0
268
0
1
0
0
0
370
1
0
0
404
0
0
0
0
1
31
1
9
1
1
1
1
0
0
1
255
1
0
0
1
160
1
1
1
442
1
0
0
1
0
0
500
15
0
293
1
1
287
0
0
168
0
1
1
1
0
407
168
0
0
1
0
1
0
1
0
1
0
1
6
0
0
1
1
9019
0
7661
0
1
0
1
1
0
0
1
51
1
232
0
1
150
0
0
0
0
0
1
0
0
0
1
1
0
0
330
153
0
0
0
0
0
1
998
1
1
1
1
1
1
0
1
499
1
1
1
14
0
1
0
0
0
0
0
19
0
1
0
0
1
0
1
0
1
0
1000
1
0
1
0
0
1
1
1
0
1
1
1
37
0
0
0
0
500
473
0
1
357
0
1
1
0
0
0
0
0
0
152
1
0
1
0
1
1
1
0
17
1
0
402
0
0
1
0
454
0
500
1
0
0
0
0
0
0
1
0
0
10089
283
1
1
1
1
1
0
0
32
363
0
390
1
1
125
0
1
0
0
1
1
499
1
0
0
1
1
1
1
0
0
1
1
371
0
0
289
1
1
1
359
7919
1
1
1
1
1
373
0
0
0
1
1
498
1
0
9447
1
0
0
1
0
1
1
1
1
0
417
1
0
0
1
0
1
1
1
1
0
203
501
500
1
8675
0
0
500
322
1
1
0
1
500
0
1
0
0
0
21
0
1
0
1
0
237
0
0
0
1
0
0
1
1
243
1
0
0
0
37
0
1
0
0
0
1
367
1
1
0
1
0
419
1
0
357
0
194
0
499
499
0
1
1
499
1
1
1
30
474
0
8505
0
1
1
1
423
0
1
0
500
195
1
0
87
1
8491
0
0
0
1
7894
1
221
0
0
0
0
499
1
1
124
0
130
1
7391
0
0
1
352
0
501
0
0
1
0
1
1
0
0
425
1
0
0
1
0
98
0
0
8112
0
0
1
27
0
255
498
440
0
0
1
360
1
0
1
0
1
0
0
0
390
0
1
1
0
1
300
0
466
5321
500
0
0
0
1
0
402
458
189
500
1
0
1
113
0
0
0
1
0
999
0
1
1
0
0
69
0
1
0
67
36
0
6925
0
1000
0
1
1
1
148
500
1
336
0
500
0
0
0
0
0
500
0
1
49
0
0
0
0
233
0
1
0
0
167
0
1
1
1
1
302
0
1
1000
0
1
1
1
1
1
1
0
0
0
0
0
1
374
0
0
1
1
1
379
0
1
0
0
449
1
501
0
999
471
0
0
1
403
1
0
499
0
1
1
1
1
1
406
0
1
1
7580
1
0
1
0
0
0
418
0
0
0
1
1
1
473
1
1
127
0
1
1
0
320
0
499
0
1
0
0
1
0
0
241
0
500
0
1
0
0
8078
0
1
1
1
1
0
0
0
104
316
0
0
0
0
1
0
109
500
1
1
1
0
0
0
0
1
1
1
500
1
1
0
0
1
0
1
1
0
73
1
8885
0
0
1
1
1
0
0
1
1
0
1
0
1
499
0
1
69
1
1
1
79
500
1
0
1
1
1
0
1
1
499
0
1
0
0
0
1
0
1
152
1
352
1
8231
501
458
1
1
490
0
1001
1001
0
499
0
267
0
0
0
0
0
1
1
154
0
0
0
1
127
1
0
1
0
0
0
1
1
0
1
1
0
1
1
0
0
1
0
1
8076
0
1
0
294
1
1
356
8200
1
0
0
0
1
0
0
1
0
0
1
0
1
1
1
0
0
0
0
1
120
500
0
1
1
277
1
1
17
1
0
0
0
500
1
0
0
1
1
499
1
1
1
0
0
0
0
0
0
0
0
1
0
0
1
0
0
0
383
0
501
0
0
0
1
0
1
283
0
0
1
0
1
0
500
81
0
0
0
0
234
0
1
500
1
1
8606
1
242
1
0
76
0
0
1
0
0
0
1
1
1
499
1
380
45
0
1
0
0
1
8736
0
499
0
0
0
1
1
211
0
500
0
1
1
0
54
1
1
0
1
0
7598
0
0
0
1
270
0
1
1
1
1
446
500
34
0
0
0
421
279
0
0
0
1
0
0
0
144
0
1
1
0
1
1
0
0
1
1
0
1
0
0
0
0
471
87
0
101
499
1
1
0
1
8310
0
1
8118
0
0
1
212
1
125
500
0
391
0
0
1
0
0
1
1
0
147
1
182
1
1
219
0
0
0
0
0
6831
0
0
500
500
0
500
1
0
1
49
500
1
1
1
0
0
368
500
1
7122
311
0
0
1
1213
0
1
151
0
0
0
0
1
1
1
1
0
0
1
7
500
0
1000
1
1
0
12
499
398
340
0
1
1
1
0
0
1
1
0
0
0
0
0
998
1
0
0
1
1
0
1
148
1
0
0
0
0
0
0
1
1
0
0
1
0
1
0
1
0
109
0
0
0
0
0
2498
1
2498
1
1
1
1
0
492
1
1
1
183
1
1
196
1
1
74
1
500
261
0
1
0
0
0
0
0
0
1
0
0
1
1
1
35
0
1
0
1000
1000
0
0
1
0
0
1
1
1
1
0
0
1
1
1
8290
1
1
8697
0
1
0
0
1001
0
192
0
1
1
1
0
421
1
0
1
1
0
1
1
0
0
1
0
1
1
0
0
215
1
0
0
0
1
10
1
8125
1
64
1
146
0
500
0
1
7428
0
500
0
0
0
0
1
0
1
0
0
1
1
1
293
0
1
1
260
500
1
346
0
499
0
0
1
0
0
1
0
1
1
1
1
1
1
8220
0
0
1
0
0
1
1
1
51
1
0
0
0
0
421
1
0
1
1
463
1
0
1
1
340
500
0
0
234
1
1
1
1
103
1
1
1
1
0
0
1
197
1
0
1
0
0
0
1
0
499
1
301
1
227
0
0
0
998
1
1
1
1
311
1
500
0
0
0
1
1
1
0
0
0
1
1
1
1
0
0
0
69
0
1
0
0
0
1
451
8414
0
500
0
0
1
1
1
1
0
175
1
0
0
0
80
1
1
463
0
1
385
26
501
0
1
1
7
0
7413
1
0
1
0
0
0
0
6777
1
1
0
1
0
1000
0
1
0
500
0
1
371
1
0
0
0
54
238
0
1
1
1
7068
0
0
1
1
328
1
436
1
1
1
1
0
1001
0
1
0
499
5
0
0
1
1
61
0
0
1
0
0
0
1
500
1
1
0
37
0
128
0
0
0
1
14
1
1
0
