0
0
0
0
1
1
1
1
0
850
0
0
0
0
630
1
1
1
1
561
0
0
299
0
1
1
1
395
0
1
469
0
0
0
1001
0
1
482
1214
0
0
0
0
0
1
0
0
1
298
0
0
0
1
0
2111
0
0
1
0
0
0
1
652
0
0
0
1
0
182
1000
0
1
1971
1
1870
1
0
1
0
2000
1
0
1
0
1000
1
1
923
0
1
1
0
0
1
1
888
0
0
1
0
413
0
0
0
1
0
0
1
102
1
1
0
0
0
0
0
0
1
0
0
0
1
0
1
1
0
0
3144
999
0
1
46862
0
1
1496
0
0
0
12
0
1
104
0
1
1
1
999
0
1
1
0
0
0
0
945
945
1
1313
0
0
1
1
0
1
1
1
0
0
0
0
999
0
0
1
1
0
1
1
1
940
0
1
0
0
0
1
1
0
1
759
1
1
0
1000
1
621
1001
1
0
482
1
1
0
2064
0
657
0
645
1
1
671
0
588
1001
1
0
1
1
0
0
0
1
0
1
0
0
1
0
1000
0
1
711
1
1
0
0
3021
0
0
1
1
428
1
0
0
1
1
471
1
0
0
1
0
1
0
0
1
607
944
1001
940
0
0
0
0
1
2
0
0
761
1
3712
1
3283
0
0
0
1
3210
1000
0
1
0
0
872
0
206
3041
0
1
1
301
0
2000
0
0
1000
0
0
1
1
1
845
0
0
0
1
0
1
1
0
1
1
0
0
0
1
1
1
0
1
1
1
661
1
1
0
0
1
0
0
0
0
0
0
338
0
1
1
0
0
1
0
0
1
0
1
985
0
1
314
4547
0
463
1
0
1
0
0
1
1
0
0
285
416
1
1
1
0
0
0
1
1
0
0
1
0
547
0
56
0
1
4858
1
102
290
1
0
5070
0
0
999
0
0
0
0
0
0
1
0
1
362
0
491
997
0
0
1
0
0
141
999
0
1
5773
1
1
0
1
916
1
0
681
1
0
0
0
0
0
5621
0
0
0
1
0
0
0
0
1
1
0
0
0
1
999
0
0
1031
1
0
0
1
73
1
0
1
0
25
0
0
0
1
362
997
1
1
1
0
609
1
1
0
0
1998
1
1
1000
1
1
0
1
354
1
0
1
0
1
0
638
0
1
999
0
1
1
1
1
1
475
1000
0
0
0
1
1
1
1
176
1
1
1
815
0
1999
0
0
0
0
999
1
7156
1
0
0
1
0
0
1
0
0
1
0
0
0
0
1
0
0
0
0
0
0
0
1
837
1
1
1
0
349
1
906
0
0
1
0
1
0
1
0
1
0
0
0
45
1
0
1
1
0
1
1
1
689
445
1
0
1
0
0
1
1
1000
1
0
0
0
0
0
466
93
0
1
1
1
0
1
0
1
1
1
0
0
0
0
1
9116
0
1
1
0
0
1
1
7549
0
0
0
1
1
0
0
0
0
0
90
1
0
0
0
8945
0
1
0
8690
0
999
0
0
1
0
0
0
1
1
843
0
0
0
0
0
1
1000
1
0
0
0
1
1
0
1
0
0
0
1
0
0
0
999
0
0
18
1
0
0
0
9363
0
1001
1
859
1
1
362
146
0
0
1
0
1000
1
0
0
1
1
0
1
0
1000
0
0
1
1
1
0
1
1
0
1
0
0
0
1
1
0
0
0
1
475
0
1
0
0
1
156069
0
1
570
1001
1
216
0
476
0
0
1
0
0
1
0
174
1
0
0
1
1
878
1
0
1
1
220
0
814
0
0
1
1
53
749
1
0
1
1
1198
0
0
0
0
0
1
1
0
0
0
1
1
1
1
0
0
63
1001
0
1
1
1
0
1
0
0
0
0
1998
1
351
738
1001
0
2036
0
0
0
0
0
0
1
1728
2053
1
0
0
90
1
0
0
0
1
0
1
1
1
1
0
0
0
1
0
583
506
1
0
1
0
0
0
597
1
0
0
0
1
0
0
1
794
1
1001
0
0
0
525
1
1
1
1
1
1
432
1
1
1
1
1
0
764
723
1000
1
1
1
1
377
1
858
0
1
1
1
1
1
1
452
1000
0
0
0
114
0
1
1
0
1
0
1
0
1
1
973
1
1
0
0
1
0
0
0
332
0
1
436
0
1
1
1
1
1
0
318
1
0
0
1
1
0
0
1
0
0
1
0
0
2998
401
0
0
0
1
1
1
4842
1
377
0
0
0
1
1
1
1
0
1
1
122
1
0
1
1
0
0
0
0
999
1
0
0
1
1
0
0
4819
0
1
1
724
1
1
0
944
0
1
1
0
999
0
346
1
1
1
0
0
0
1
495
920
0
0
175
1
1
0
999
0
1999
0
0
0
0
1
0
0
0
0
0
352
1
408
1000
1
526
1
0
0
0
0
0
1
567
0
0
0
1001
1
1
1
161
0
1000
0
0
1
6354
1
1
1
0
214
1
1
0
6260
1
0
1
0
0
0
0
0
1
892
1
0
0
0
0
0
999
1
1
368
0
0
0
1
0
0
1
0
445
794
0
0
1
6362
1
1
0
1998
133
1001
1
1
446
0
1
718
0
1
0
1
1
1
1
1
0
0
1000
1
762
1
1
0
0
1
814
259
0
1000
6389
985
0
0
732
0
1
343
547
2
999
0
1
1
1
1
1
1
1
0
1
1
0
1
0
0
1
627
1
1
0
1
1000
0
0
0
0
0
0
0
0
0
1
1
0
0
0
1
0
586
103
0
1
0
1
920
0
0
942
0
1
443
0
470
0
6226
204
0
0
1
6318
1
554
503
1
0
0
1
0
0
124
0
0
0
1
0
1
1
1
9633
0
0
0
1
1
0
0
262
980
0
0
0
7331
0
1
1
0
1
0
0
1
0
0
999
0
0
1
1
1
0
1
0
1
123
0
1
999
0
1
1
0
0
9786
216
1
1
0
836
1
675
828
0
0
1
264
1
354
1
0
0
647
1001
1
0
1
6240
1
1
0
715
1
0
1000
0
1
1
1
1
798
0
1
0
0
1000
0
0
0
0
1
0
8995
0
63
1
1000
0
0
0
0
0
0
0
0
202
1001
0
0
1
0
0
0
999
0
0
0
0
318
0
8570
0
1000
0
0
0
1
1
0
0
26
1
1
969
0
0
0
1
0
1
0
0
0
0
0
0
0
0
1
738
1
1
0
1
1
0
240
1
473
0
1
0
0
0
1
0
0
475
1
1
1
1
211
1
1
1
0
0
85
0
0
1
1
1
0
0
1
0
999
1
0
1
0
355
1001
1
1
1
930
0
0
0
232
0
1
0
0
1000
999
1
0
1
0
1000
0
1
1
0
1
1
0
0
12265
0
1
630
0
1
0
1
24
0
924
1
1
1
1
0
0
1
0
1
1
0
1
1001
0
0
0
0
741
256
1
0
1
1
1
763
1
0
0
0
1
0
1
1
1
716
1000
0
1
1
1
761
0
0
1
1001
0
11246
0
77
0
0
480
0
1
0
1
10241
1
1
0
1
0
0
0
1
987
0
0
1
0
0
0
0
497
796
999
0
1999
1000
1
0
533
0
1
0
0
1
1
76
1
0
1
1
1
0
0
11784
415
1000
0
1
677
1
0
1
1
999
8358
1
1
1
1
1
1
0
0
913
37
0
0
1
235
1
10
7458
0
1
1
1
0
1
1
1
816
0
1
1
1
0
0
1
1
106
0
1
1
1
1
584
1
360
0
1
1
29
1
0
0
1
1
1
0
1
1
2
1
1
9248
0
1000
9229
0
1
1
1
0
1
169
1000
0
1
1
10450
1
1
328
0
1
1
0
1
1
1
1
622
1
972
1001
0
0
1
1
0
0
1
8903
0
1
1
0
1
1
0
1
0
0
1
9400
1
855
1
1001
0
0
0
0
8564
1
9759
1
1
1
191
0
1
1
1
0
1
1
795
0
0
1
0
1
1000
0
0
0
0
0
1
0
866
785
0
0
244
1
1
0
0
1
163
1
1
0
0
0
999
998
0
1
1
1
0
685
1
0
1
999
0
9855
1
1
0
0
0
332
1
0
1
1
1
0
0
903
1
1
373
999
1
0
1
0
1
0
1
925
0
0
0
320
1
0
942
0
0
1
350
0
0
0
0
1000
324
1
575
1
880
1
1
8091
1
0
0
1999
1
220
109
1
521
504
1
0
0
0
1
0
1
799
1001
0
1
1
10145
0
0
0
0
1
1
475
1
0
0
0
1
1
701
1000
0
0
1
0
0
0
1
0
1
1
0
1
1
302
1
1
579
1000
1001
1
1
0
1
0
1
1
1
643
1
0
2000
0
0
0
0
0
999
999
1
1000
999
0
0
0
0
1
0
0
0
0
0
1
0
0
1
1
1
1
327
1
0
1
0
0
12657
0
1
239
0
1
1
1
1
0
781
1
1
0
148
0
1
1
999
0
174
0
0
585
0
1
0
1
1
0
1
1
26
820
0
1
0
0
1
0
1
996
0
1
1
941
1001
0
0
0
242
1
0
1
1
0
0
420
1
1
1
0
1
0
1
28
1
0
1
881
0
1
1
1
1
0
915
692
0
1
1
1
0
1
0
1
0
0
0
184
0
1
1
1
0
0
1
1
1
1
0
1
0
0
1
737
1
0
601
0
0
160
1
1
0
0
0
1001
1
467
1
0
999
863
0
0
1
1
0
0
1000
0
11191
0
0
1
1
0
1
1
1
0
0
1
0
1
1
1
1
1
1
617
0
0
1
1
684
0
0
1
0
1
0
1
414
0
67
1
1
0
1
1
1
0
0
641
0
339
0
1
31
0
0
0
1
0
0
1
623
999
1
1
1
1
534
0
1
1
0
1
283
1
1
1
0
0
1
0
0
1
1
1
1
15203
0
0
0
0
1
519
1
0
1
586
1
1
0
1
0
1
1
1
0
1
0
1
1
1
819
0
186
1
1
126
0
1
0
0
0
0
999
0
0
0
0
0
0
1
1
1
511
1
1000
1
1
1
1
1
0
971
14298
0
0
0
88
1
1000
0
0
1
0
0
0
1
859
1
1
1
1000
0
1
480
0
1
0
1
0
0
0
1000
0
0
0
1
1
0
515
871
90
1001
0
0
0
1001
14867
1
1
1
1
0
1
0
1
0
1
1
1
1
1
0
1001
0
0
937
107
113
1001
1
1
0
1000
1000
1
1
0
417
1
1
0
1000
0
1
999
465
1
1
0
1
0
0
1
1
1
0
0
0
612
1
0
0
1
1
1
0
16293
1
0
0
0
1
1
551
0
0
0
1
0
1
0
999
999
1
1
14499
1
1000
1
0
0
12928
1
352
1
1000
1
0
1
0
0
1
227
1000
1
1
0
1
107
0
0
13352
0
0
1
0
999
12227
1
1
1
1
667
0
1
1001
0
1000
1
1
0
1
1
1
1
1
458
1
0
522
486
999
1001
1
1
181
0
1
1
159
0
1
1
206
1
0
1998
0
1
0
22
1
0
1000
0
1
53
0
1
1
1
0
0
1
0
1
1
0
1000
272
1
1
1
207
1
0
0
1
0
0
897
1000
1
1
1
1
1
1
0
599
1001
1
0
0
1
1
108
1
1
834
0
1
702
0
1
1
643
434
1
0
1
1
1
0
0
1000
1
246
0
0
0
0
0
1
112
1
1001
1001
0
0
999
15550
1
1
0
0
0
1000
1
1
1000
1
0
0
773
0
12022
1
0
0
0
0
1
738
1
1001
1001
1001
0
118
1
0
1
1
1
1
1
0
0
87
0
1
1
0
1
0
1
0
1
1000
0
532
1
0
14815
0
9
0
1
1
905
1
0
1
0
1
1
715
1
1
0
1000
0
1
0
0
0
1
1
13255
1
0
0
660
1
1
361
0
1
0
1000
0
0
0
1
1000
1
0
0
13087
0
0
1
1
0
963
262
1
638
27
1
757
1
815
0
0
1
0
0
999
1
161
0
0
1
1
715
0
0
1
0
1
339
0
0
1
0
117
0
0
1
1
1000
0
0
0
1
0
799
0
0
0
0
1
0
1
1
1
0
0
0
1000
0
0
0
1
757
1
498
14720
0
0
0
0
1
1
1
386
0
1
0
1
1
1
57
1
1
1
0
637
978
0
1
1
1
0
1
864
0
236
1
0
0
1
1
922
1
1
0
1
0
1
1
0
1
1
1
1
1
1
174
1
0
0
0
0
0
1000
1
0
0
1
0
0
0
0
0
0
0
0
1
1
1
0
999
1
2000
0
0
0
0
0
0
0
1
0
857
1
482
1
0
987
15296
0
1
653
240
624
1
0
23
1
1
1
0
0
1
463
836
1
1
15006
0
1
1
0
0
0
1
1
0
0
516
1
435
1001
832
0
1
0
0
0
1000
1
1
1
0
1
1
0
0
1
1
38
0
1
1000
1
297
0
1
16159
194
1
0
0
0
1
440
1
539
1
0
1
1
55
0
1
0
0
1
472
1
0
589
1
262
1000
1
0
1
0
1
380
0
0
1000
0
0
1
15376
999
0
0
0
0
910
0
0
1
1
1
1
1
1
0
0
0
0
0
0
1
1
1
0
1
0
0
1
0
0
0
0
699
0
0
371
1
16970
1
0
1
1
0
0
0
1
0
1
0
1
113
989
1
616
0
867
0
1
1
12467
0
1
0
12733
1
0
1
1
0
988
1
230
0
0
1
0
268
0
0
0
1
1
1
0
0
0
1000
0
0
1
0
0
585
0
1
1
0
0
999
383
1
187
1
1001
0
0
0
0
1
1
0
0
1
1
0
1
697
0
1
0
0
1
29
17004
1
128
0
0
0
1
1
0
1
1
0
0
1
419
1
1
1
0
1
0
15567
1
0
583
1000
0
2000
31
0
732
999
1
0
0
1
1
1
0
0
1
0
0
0
0
0
992
0
0
1
1
1
0
657
1
1
0
1
1
1
332
0
1
1
0
0
0
747
1
1
13209
0
1
1
1
1
1
1
749
1
1
401
1
35
0
11831
1
0
999
0
0
858
1
0
0
176
1
0
0
1
703
1
0
1
0
1
1
0
0
0
533
0
822
321
1001
0
1
693
610
0
0
604
0
1
1
397
0
0
982
0
1000
0
999
0
1
0
108
0
1
1
1
1
1
0
1
1
1
0
1
1
0
551
1
0
0
1
1
1
0
243
0
1
0
1000
0
1
1
0
48
16334
1
0
1
0
0
0
1000
0
2000
1
0
1
113
1000
1
676
